Err.Date: 3/17/2018 12:36:01 PM
Object reference not set to an instance of an object.<BR> ..............BindMasterGrid
UserNo :
UserName :vvkc
User Division :
URL:http://localhost/BizNETCTM_WEB/frmCRFActivityStatusReport.aspx
Javascript: 3.0
VB Script: False
Cookies: True
Remote Address: ::1
=========================================================

Err.Date: 3/17/2018 12:36:01 PM
Object reference not set to an instance of an object.<BR> ..............btnGo_Click
UserNo :
UserName :vvkc
User Division :
URL:http://localhost/BizNETCTM_WEB/frmCRFActivityStatusReport.aspx
Javascript: 3.0
VB Script: False
Cookies: True
Remote Address: ::1
=========================================================

Err.Date: 3/17/2018 5:19:30 PM
Value cannot be null.
Parameter name: value<BR> .....GenCall
UserNo :
UserName :
User Division :
URL:http://localhost/BizNETCTM_WEB/frmScreeningStudyUpdateRecord.aspx
Javascript: 3.0
VB Script: False
Cookies: True
Remote Address: ::1
=========================================================

Err.Date: 3/17/2018 6:38:41 PM
Value cannot be null.
Parameter name: value<BR> .....GenCall
UserNo :
UserName :
User Division :
URL:http://localhost/BizNETCTM_WEB/frmScreeningStudyUpdateRecord.aspx
Javascript: 3.0
VB Script: False
Cookies: True
Remote Address: ::1
=========================================================

