Err.Date: 2/9/2023 3:01:39 PM
Database Not Connected. <BR> The operation has timed out
UserNo :
UserName :
User Division :
URL:http://90.0.1.162/BiznetDISoft_WEB_2_0_0/default.aspx
Javascript: 3.0
VB Script: False
Cookies: True
Remote Address: 90.0.1.162
=========================================================

Err.Date: 2/9/2023 3:01:39 PM
Database Not Connected. <BR> The operation has timed out
UserNo :
UserName :
User Division :
URL:http://90.0.1.162/BiznetDISoft_WEB_2_0_0/default.aspx
Javascript: 3.0
VB Script: False
Cookies: True
Remote Address: 90.0.1.162
=========================================================

Err.Date: 2/9/2023 3:01:39 PM
Database Not Connected. <BR> The operation has timed out
UserNo :
UserName :
User Division :
URL:http://90.0.1.162/BiznetDISoft_WEB_2_0_0/default.aspx
Javascript: 3.0
VB Script: False
Cookies: True
Remote Address: 90.0.1.162
=========================================================

Err.Date: 2/9/2023 3:01:39 PM
Database Not Connected. <BR> The operation has timed out
UserNo :
UserName :
User Division :
URL:http://90.0.1.162/BiznetDISoft_WEB_2_0_0/default.aspx
Javascript: 3.0
VB Script: False
Cookies: True
Remote Address: 90.0.1.162
=========================================================

Err.Date: 2/9/2023 4:14:04 PM
Error while Saving in Login User Details
Violation of PRIMARY KEY constraint 'PK_UserLoginDetails'. Cannot insert duplicate key in object 'dbo.UserLoginDetails'. The duplicate key value is (7108).
The statement has been terminated.
Error occured while Saving User Login Details In Database<BR> ...ValidateSingleUser
UserNo :
UserName :vishal
User Division :
URL:http://90.0.1.162/BiznetDISoft_WEB_2_0_0/default.aspx
Javascript: 3.0
VB Script: False
Cookies: True
Remote Address: 90.0.1.162
=========================================================

Err.Date: 2/9/2023 4:14:04 PM
Error while Saving in Login User Details
Violation of PRIMARY KEY constraint 'PK_UserLoginDetails'. Cannot insert duplicate key in object 'dbo.UserLoginDetails'. The duplicate key value is (7108).
The statement has been terminated.
Error occured while Saving User Login Details In Database<BR> 
UserNo :
UserName :vishal
User Division :
URL:http://90.0.1.162/BiznetDISoft_WEB_2_0_0/default.aspx
Javascript: 3.0
VB Script: False
Cookies: True
Remote Address: 90.0.1.162
=========================================================

