Err.Date: 3/14/2018 4:13:11 PM
....FillGridview<BR> Column 'Visit' does not belong to table Table.
UserNo :
UserName :CPMAAdmin
User Division :
URL:http://localhost/BizNETCTM_WEB/frmReportReview.aspx
Javascript: 3.0
VB Script: False
Cookies: True
Remote Address: ::1
=========================================================

Err.Date: 3/14/2018 4:17:38 PM
....FillGridview<BR> Column 'Visit' does not belong to table Table.
UserNo :
UserName :CPMAAdmin
User Division :
URL:http://localhost/BizNETCTM_WEB/frmReportReview.aspx
Javascript: 3.0
VB Script: False
Cookies: True
Remote Address: ::1
=========================================================

