Err.Date: 3/3/2023 10:24:44 AM
Error While Getting EmailSetup details...<BR> gvEmailSetup_RowCommand
UserNo :
UserName :vishal
User Division :
URL:http://90.0.1.162/BiznetDisoft_Web_2_0_0/frmemailSetupMst.aspx
Javascript: 3.0
VB Script: False
Cookies: True
Remote Address: 90.0.1.10
=========================================================

Err.Date: 3/3/2023 10:24:44 AM
Error While Getting EmailSetup details...<BR> gvEmailSetup_RowCommand
UserNo :
UserName :vishal
User Division :
URL:http://90.0.1.162/BiznetDisoft_Web_2_0_0/frmemailSetupMst.aspx
Javascript: 3.0
VB Script: False
Cookies: True
Remote Address: 90.0.1.10
=========================================================

