Err.Date: 2/12/2018 3:08:15 PM
Object reference not set to an instance of an object.<BR> .......FillActivities
UserNo :
UserName :hirenpatel
User Division :
URL:http://localhost/BizNETCTM_WEB/frmCTMMedexInfoHdrDtl.aspx?Mode=4&WorkSpaceId=0000011087&ActivityId=&nbsp;&NodeId=1&PeriodId=1&ScreenNo=0000&Type=BA-BE&SubjectId=0000&MySubjectNo=0000
Javascript: 3.0
VB Script: False
Cookies: True
Remote Address: ::1
=========================================================

Err.Date: 2/12/2018 3:13:37 PM
Object reference not set to an instance of an object.<BR> .......FillActivities
UserNo :
UserName :hirenpatel
User Division :
URL:http://localhost/BizNETCTM_WEB/frmCTMMedexInfoHdrDtl.aspx?Mode=4&WorkSpaceId=0000011087&ActivityId=&nbsp;&NodeId=1&PeriodId=1&ScreenNo=0000&Type=BA-BE&SubjectId=0000&MySubjectNo=0000
Javascript: 3.0
VB Script: False
Cookies: True
Remote Address: ::1
=========================================================

Err.Date: 2/12/2018 3:28:31 PM
Object reference not set to an instance of an object.<BR> .......FillActivities
UserNo :
UserName :hirenpatel
User Division :
URL:http://localhost/BizNETCTM_WEB/frmCTMMedexInfoHdrDtl.aspx?Mode=4&WorkSpaceId=0000011087&ActivityId=&nbsp;&NodeId=1&PeriodId=1&ScreenNo=0000&Type=BA-BE&SubjectId=0000&MySubjectNo=0000
Javascript: 3.0
VB Script: False
Cookies: True
Remote Address: ::1
=========================================================

Err.Date: 2/12/2018 4:22:22 PM
Object reference not set to an instance of an object.<BR> ....GenCall_ShowUI
UserNo :
UserName :hirenpatel
User Division :
URL:http://localhost/BizNETCTM_WEB/frmCTMMedexInfoHdrDtl.aspx?Mode=4&WorkSpaceId=0000009328&ActivityId=1084&NodeId=21&PeriodId=1&ScreenNo=0000&Type=BA-BE&SubjectId=0000&MySubjectNo=0000
Javascript: 3.0
VB Script: False
Cookies: True
Remote Address: ::1
=========================================================

Err.Date: 2/12/2018 5:38:37 PM
Object reference not set to an instance of an object.<BR> .......FillActivities
UserNo :
UserName :hirenpatel
User Division :
URL:http://localhost/BizNETCTM_WEB/frmCTMMedexInfoHdrDtl.aspx?Mode=4&WorkSpaceId=0000011092&ActivityId=&nbsp;&NodeId=1&PeriodId=1&ScreenNo=0000&Type=BA-BE&SubjectId=0000&MySubjectNo=0000
Javascript: 3.0
VB Script: False
Cookies: True
Remote Address: ::1
=========================================================

