Err.Date: 6/5/2018 2:01:40 PM
System.Net.WebException: The operation has timed out
   at System.Web.Services.Protocols.WebClientProtocol.GetWebResponse(WebRequest request)
   at System.Web.Services.Protocols.HttpWebClientProtocol.GetWebResponse(WebRequest request)
   at System.Web.Services.Protocols.SoapHttpClientProtocol.Invoke(String methodName, Object[] parameters)
   at WS_HelpDbTable.WS_HelpDbTable.getLocationMst(String WhereCondition_1, DataRetrievalModeEnum DataRetrieval_1, DataSet& Sql_DataSet, String& eStr_Retu) in c:\Windows\Microsoft.NET\Framework\v4.0.30319\Temporary ASP.NET Files\biznetdisoft_web\4e1ce5ce\770d7547\App_WebReferences.aw1hqyqd.3.cs:line 48256
   at frmMainPage.Page_Load(Object sender, EventArgs e) in D:\Applications\BiznetDiSoft\BiznetDisoft_Web\frmMainPage.aspx.vb:line 139<BR> ...PageLoad
UserNo :
UserName :shailendrasinh
User Division :
URL:http://localhost/BiznetDisoft_Web/frmMainPage.aspx?usertype=0098
Javascript: 3.0
VB Script: False
Cookies: True
Remote Address: ::1
=========================================================

Err.Date: 6/5/2018 2:06:43 PM
System.Net.WebException: The operation has timed out
   at System.Web.Services.Protocols.WebClientProtocol.GetWebResponse(WebRequest request)
   at System.Web.Services.Protocols.HttpWebClientProtocol.GetWebResponse(WebRequest request)
   at System.Web.Services.Protocols.SoapHttpClientProtocol.Invoke(String methodName, Object[] parameters)
   at WS_HelpDbTable.WS_HelpDbTable.getLocationMst(String WhereCondition_1, DataRetrievalModeEnum DataRetrieval_1, DataSet& Sql_DataSet, String& eStr_Retu) in c:\Windows\Microsoft.NET\Framework\v4.0.30319\Temporary ASP.NET Files\biznetdisoft_web\4e1ce5ce\770d7547\App_WebReferences.aw1hqyqd.3.cs:line 48256
   at frmMainPage.Page_Load(Object sender, EventArgs e) in D:\Applications\BiznetDiSoft\BiznetDisoft_Web\frmMainPage.aspx.vb:line 139<BR> ...PageLoad
UserNo :
UserName :shailendrasinh
User Division :
URL:http://localhost/BiznetDisoft_Web/frmMainPage.aspx?usertype=0098
Javascript: 3.0
VB Script: False
Cookies: True
Remote Address: ::1
=========================================================

Err.Date: 6/5/2018 2:11:43 PM
System.Net.WebException: The operation has timed out
   at System.Web.Services.Protocols.WebClientProtocol.GetWebResponse(WebRequest request)
   at System.Web.Services.Protocols.HttpWebClientProtocol.GetWebResponse(WebRequest request)
   at System.Web.Services.Protocols.SoapHttpClientProtocol.Invoke(String methodName, Object[] parameters)
   at WS_HelpDbTable.WS_HelpDbTable.getLocationMst(String WhereCondition_1, DataRetrievalModeEnum DataRetrieval_1, DataSet& Sql_DataSet, String& eStr_Retu) in c:\Windows\Microsoft.NET\Framework\v4.0.30319\Temporary ASP.NET Files\biznetdisoft_web\4e1ce5ce\770d7547\App_WebReferences.aw1hqyqd.3.cs:line 48256
   at frmMainPage.Page_Load(Object sender, EventArgs e) in D:\Applications\BiznetDiSoft\BiznetDisoft_Web\frmMainPage.aspx.vb:line 139<BR> ...PageLoad
UserNo :
UserName :shailendrasinh
User Division :
URL:http://localhost/BiznetDisoft_Web/frmMainPage.aspx?usertype=0098
Javascript: 3.0
VB Script: False
Cookies: True
Remote Address: ::1
=========================================================

Err.Date: 6/5/2018 2:16:44 PM
System.Net.WebException: The operation has timed out
   at System.Web.Services.Protocols.WebClientProtocol.GetWebResponse(WebRequest request)
   at System.Web.Services.Protocols.HttpWebClientProtocol.GetWebResponse(WebRequest request)
   at System.Web.Services.Protocols.SoapHttpClientProtocol.Invoke(String methodName, Object[] parameters)
   at WS_HelpDbTable.WS_HelpDbTable.getLocationMst(String WhereCondition_1, DataRetrievalModeEnum DataRetrieval_1, DataSet& Sql_DataSet, String& eStr_Retu) in c:\Windows\Microsoft.NET\Framework\v4.0.30319\Temporary ASP.NET Files\biznetdisoft_web\4e1ce5ce\770d7547\App_WebReferences.aw1hqyqd.3.cs:line 48256
   at frmMainPage.Page_Load(Object sender, EventArgs e) in D:\Applications\BiznetDiSoft\BiznetDisoft_Web\frmMainPage.aspx.vb:line 139<BR> ...PageLoad
UserNo :
UserName :shailendrasinh
User Division :
URL:http://localhost/BiznetDisoft_Web/frmMainPage.aspx?usertype=0098
Javascript: 3.0
VB Script: False
Cookies: True
Remote Address: ::1
=========================================================

Err.Date: 6/5/2018 2:21:44 PM
System.Net.WebException: The operation has timed out
   at System.Web.Services.Protocols.WebClientProtocol.GetWebResponse(WebRequest request)
   at System.Web.Services.Protocols.HttpWebClientProtocol.GetWebResponse(WebRequest request)
   at System.Web.Services.Protocols.SoapHttpClientProtocol.Invoke(String methodName, Object[] parameters)
   at WS_HelpDbTable.WS_HelpDbTable.getLocationMst(String WhereCondition_1, DataRetrievalModeEnum DataRetrieval_1, DataSet& Sql_DataSet, String& eStr_Retu) in c:\Windows\Microsoft.NET\Framework\v4.0.30319\Temporary ASP.NET Files\biznetdisoft_web\4e1ce5ce\770d7547\App_WebReferences.aw1hqyqd.3.cs:line 48256
   at frmMainPage.Page_Load(Object sender, EventArgs e) in D:\Applications\BiznetDiSoft\BiznetDisoft_Web\frmMainPage.aspx.vb:line 139<BR> ...PageLoad
UserNo :
UserName :shailendrasinh
User Division :
URL:http://localhost/BiznetDisoft_Web/frmMainPage.aspx?usertype=0098
Javascript: 3.0
VB Script: False
Cookies: True
Remote Address: ::1
=========================================================

Err.Date: 6/5/2018 2:26:44 PM
System.Net.WebException: The operation has timed out
   at System.Web.Services.Protocols.WebClientProtocol.GetWebResponse(WebRequest request)
   at System.Web.Services.Protocols.HttpWebClientProtocol.GetWebResponse(WebRequest request)
   at System.Web.Services.Protocols.SoapHttpClientProtocol.Invoke(String methodName, Object[] parameters)
   at WS_HelpDbTable.WS_HelpDbTable.getLocationMst(String WhereCondition_1, DataRetrievalModeEnum DataRetrieval_1, DataSet& Sql_DataSet, String& eStr_Retu) in c:\Windows\Microsoft.NET\Framework\v4.0.30319\Temporary ASP.NET Files\biznetdisoft_web\4e1ce5ce\770d7547\App_WebReferences.aw1hqyqd.3.cs:line 48256
   at frmMainPage.Page_Load(Object sender, EventArgs e) in D:\Applications\BiznetDiSoft\BiznetDisoft_Web\frmMainPage.aspx.vb:line 139<BR> ...PageLoad
UserNo :
UserName :shailendrasinh
User Division :
URL:http://localhost/BiznetDisoft_Web/frmMainPage.aspx?usertype=0098
Javascript: 3.0
VB Script: False
Cookies: True
Remote Address: ::1
=========================================================

Err.Date: 6/5/2018 2:31:45 PM
System.Net.WebException: The operation has timed out
   at System.Web.Services.Protocols.WebClientProtocol.GetWebResponse(WebRequest request)
   at System.Web.Services.Protocols.HttpWebClientProtocol.GetWebResponse(WebRequest request)
   at System.Web.Services.Protocols.SoapHttpClientProtocol.Invoke(String methodName, Object[] parameters)
   at WS_HelpDbTable.WS_HelpDbTable.getLocationMst(String WhereCondition_1, DataRetrievalModeEnum DataRetrieval_1, DataSet& Sql_DataSet, String& eStr_Retu) in c:\Windows\Microsoft.NET\Framework\v4.0.30319\Temporary ASP.NET Files\biznetdisoft_web\4e1ce5ce\770d7547\App_WebReferences.aw1hqyqd.3.cs:line 48256
   at frmMainPage.Page_Load(Object sender, EventArgs e) in D:\Applications\BiznetDiSoft\BiznetDisoft_Web\frmMainPage.aspx.vb:line 139<BR> ...PageLoad
UserNo :
UserName :shailendrasinh
User Division :
URL:http://localhost/BiznetDisoft_Web/frmMainPage.aspx?usertype=0098
Javascript: 3.0
VB Script: False
Cookies: True
Remote Address: ::1
=========================================================

Err.Date: 6/5/2018 2:36:45 PM
System.Net.WebException: The operation has timed out
   at System.Web.Services.Protocols.WebClientProtocol.GetWebResponse(WebRequest request)
   at System.Web.Services.Protocols.HttpWebClientProtocol.GetWebResponse(WebRequest request)
   at System.Web.Services.Protocols.SoapHttpClientProtocol.Invoke(String methodName, Object[] parameters)
   at WS_HelpDbTable.WS_HelpDbTable.getLocationMst(String WhereCondition_1, DataRetrievalModeEnum DataRetrieval_1, DataSet& Sql_DataSet, String& eStr_Retu) in c:\Windows\Microsoft.NET\Framework\v4.0.30319\Temporary ASP.NET Files\biznetdisoft_web\4e1ce5ce\770d7547\App_WebReferences.aw1hqyqd.3.cs:line 48256
   at frmMainPage.Page_Load(Object sender, EventArgs e) in D:\Applications\BiznetDiSoft\BiznetDisoft_Web\frmMainPage.aspx.vb:line 139<BR> ...PageLoad
UserNo :
UserName :shailendrasinh
User Division :
URL:http://localhost/BiznetDisoft_Web/frmMainPage.aspx?usertype=0098
Javascript: 3.0
VB Script: False
Cookies: True
Remote Address: ::1
=========================================================

Err.Date: 6/5/2018 2:41:46 PM
System.Net.WebException: The operation has timed out
   at System.Web.Services.Protocols.WebClientProtocol.GetWebResponse(WebRequest request)
   at System.Web.Services.Protocols.HttpWebClientProtocol.GetWebResponse(WebRequest request)
   at System.Web.Services.Protocols.SoapHttpClientProtocol.Invoke(String methodName, Object[] parameters)
   at WS_HelpDbTable.WS_HelpDbTable.getLocationMst(String WhereCondition_1, DataRetrievalModeEnum DataRetrieval_1, DataSet& Sql_DataSet, String& eStr_Retu) in c:\Windows\Microsoft.NET\Framework\v4.0.30319\Temporary ASP.NET Files\biznetdisoft_web\4e1ce5ce\770d7547\App_WebReferences.aw1hqyqd.3.cs:line 48256
   at frmMainPage.Page_Load(Object sender, EventArgs e) in D:\Applications\BiznetDiSoft\BiznetDisoft_Web\frmMainPage.aspx.vb:line 139<BR> ...PageLoad
UserNo :
UserName :shailendrasinh
User Division :
URL:http://localhost/BiznetDisoft_Web/frmMainPage.aspx?usertype=0098
Javascript: 3.0
VB Script: False
Cookies: True
Remote Address: ::1
=========================================================

Err.Date: 6/5/2018 2:46:46 PM
System.Net.WebException: The operation has timed out
   at System.Web.Services.Protocols.WebClientProtocol.GetWebResponse(WebRequest request)
   at System.Web.Services.Protocols.HttpWebClientProtocol.GetWebResponse(WebRequest request)
   at System.Web.Services.Protocols.SoapHttpClientProtocol.Invoke(String methodName, Object[] parameters)
   at WS_HelpDbTable.WS_HelpDbTable.getLocationMst(String WhereCondition_1, DataRetrievalModeEnum DataRetrieval_1, DataSet& Sql_DataSet, String& eStr_Retu) in c:\Windows\Microsoft.NET\Framework\v4.0.30319\Temporary ASP.NET Files\biznetdisoft_web\4e1ce5ce\770d7547\App_WebReferences.aw1hqyqd.3.cs:line 48256
   at frmMainPage.Page_Load(Object sender, EventArgs e) in D:\Applications\BiznetDiSoft\BiznetDisoft_Web\frmMainPage.aspx.vb:line 139<BR> ...PageLoad
UserNo :
UserName :shailendrasinh
User Division :
URL:http://localhost/BiznetDisoft_Web/frmMainPage.aspx?usertype=0098
Javascript: 3.0
VB Script: False
Cookies: True
Remote Address: ::1
=========================================================

Err.Date: 6/5/2018 2:51:47 PM
System.Net.WebException: The operation has timed out
   at System.Web.Services.Protocols.WebClientProtocol.GetWebResponse(WebRequest request)
   at System.Web.Services.Protocols.HttpWebClientProtocol.GetWebResponse(WebRequest request)
   at System.Web.Services.Protocols.SoapHttpClientProtocol.Invoke(String methodName, Object[] parameters)
   at WS_HelpDbTable.WS_HelpDbTable.getLocationMst(String WhereCondition_1, DataRetrievalModeEnum DataRetrieval_1, DataSet& Sql_DataSet, String& eStr_Retu) in c:\Windows\Microsoft.NET\Framework\v4.0.30319\Temporary ASP.NET Files\biznetdisoft_web\4e1ce5ce\770d7547\App_WebReferences.aw1hqyqd.3.cs:line 48256
   at frmMainPage.Page_Load(Object sender, EventArgs e) in D:\Applications\BiznetDiSoft\BiznetDisoft_Web\frmMainPage.aspx.vb:line 139<BR> ...PageLoad
UserNo :
UserName :shailendrasinh
User Division :
URL:http://localhost/BiznetDisoft_Web/frmMainPage.aspx?usertype=0098
Javascript: 3.0
VB Script: False
Cookies: True
Remote Address: ::1
=========================================================

Err.Date: 6/5/2018 2:56:48 PM
System.Net.WebException: The operation has timed out
   at System.Web.Services.Protocols.WebClientProtocol.GetWebResponse(WebRequest request)
   at System.Web.Services.Protocols.HttpWebClientProtocol.GetWebResponse(WebRequest request)
   at System.Web.Services.Protocols.SoapHttpClientProtocol.Invoke(String methodName, Object[] parameters)
   at WS_HelpDbTable.WS_HelpDbTable.getLocationMst(String WhereCondition_1, DataRetrievalModeEnum DataRetrieval_1, DataSet& Sql_DataSet, String& eStr_Retu) in c:\Windows\Microsoft.NET\Framework\v4.0.30319\Temporary ASP.NET Files\biznetdisoft_web\4e1ce5ce\770d7547\App_WebReferences.aw1hqyqd.3.cs:line 48256
   at frmMainPage.Page_Load(Object sender, EventArgs e) in D:\Applications\BiznetDiSoft\BiznetDisoft_Web\frmMainPage.aspx.vb:line 139<BR> ...PageLoad
UserNo :
UserName :shailendrasinh
User Division :
URL:http://localhost/BiznetDisoft_Web/frmMainPage.aspx?usertype=0098
Javascript: 3.0
VB Script: False
Cookies: True
Remote Address: ::1
=========================================================

Err.Date: 6/5/2018 3:01:48 PM
System.Net.WebException: The operation has timed out
   at System.Web.Services.Protocols.WebClientProtocol.GetWebResponse(WebRequest request)
   at System.Web.Services.Protocols.HttpWebClientProtocol.GetWebResponse(WebRequest request)
   at System.Web.Services.Protocols.SoapHttpClientProtocol.Invoke(String methodName, Object[] parameters)
   at WS_HelpDbTable.WS_HelpDbTable.getLocationMst(String WhereCondition_1, DataRetrievalModeEnum DataRetrieval_1, DataSet& Sql_DataSet, String& eStr_Retu) in c:\Windows\Microsoft.NET\Framework\v4.0.30319\Temporary ASP.NET Files\biznetdisoft_web\4e1ce5ce\770d7547\App_WebReferences.aw1hqyqd.3.cs:line 48256
   at frmMainPage.Page_Load(Object sender, EventArgs e) in D:\Applications\BiznetDiSoft\BiznetDisoft_Web\frmMainPage.aspx.vb:line 139<BR> ...PageLoad
UserNo :
UserName :shailendrasinh
User Division :
URL:http://localhost/BiznetDisoft_Web/frmMainPage.aspx?usertype=0098
Javascript: 3.0
VB Script: False
Cookies: True
Remote Address: ::1
=========================================================

Err.Date: 6/5/2018 3:06:48 PM
System.Net.WebException: The operation has timed out
   at System.Web.Services.Protocols.WebClientProtocol.GetWebResponse(WebRequest request)
   at System.Web.Services.Protocols.HttpWebClientProtocol.GetWebResponse(WebRequest request)
   at System.Web.Services.Protocols.SoapHttpClientProtocol.Invoke(String methodName, Object[] parameters)
   at WS_HelpDbTable.WS_HelpDbTable.getLocationMst(String WhereCondition_1, DataRetrievalModeEnum DataRetrieval_1, DataSet& Sql_DataSet, String& eStr_Retu) in c:\Windows\Microsoft.NET\Framework\v4.0.30319\Temporary ASP.NET Files\biznetdisoft_web\4e1ce5ce\770d7547\App_WebReferences.aw1hqyqd.3.cs:line 48256
   at frmMainPage.Page_Load(Object sender, EventArgs e) in D:\Applications\BiznetDiSoft\BiznetDisoft_Web\frmMainPage.aspx.vb:line 139<BR> ...PageLoad
UserNo :
UserName :shailendrasinh
User Division :
URL:http://localhost/BiznetDisoft_Web/frmMainPage.aspx?usertype=0098
Javascript: 3.0
VB Script: False
Cookies: True
Remote Address: ::1
=========================================================

Err.Date: 6/5/2018 3:11:48 PM
System.Net.WebException: The operation has timed out
   at System.Web.Services.Protocols.WebClientProtocol.GetWebResponse(WebRequest request)
   at System.Web.Services.Protocols.HttpWebClientProtocol.GetWebResponse(WebRequest request)
   at System.Web.Services.Protocols.SoapHttpClientProtocol.Invoke(String methodName, Object[] parameters)
   at WS_HelpDbTable.WS_HelpDbTable.getLocationMst(String WhereCondition_1, DataRetrievalModeEnum DataRetrieval_1, DataSet& Sql_DataSet, String& eStr_Retu) in c:\Windows\Microsoft.NET\Framework\v4.0.30319\Temporary ASP.NET Files\biznetdisoft_web\4e1ce5ce\770d7547\App_WebReferences.aw1hqyqd.3.cs:line 48256
   at frmMainPage.Page_Load(Object sender, EventArgs e) in D:\Applications\BiznetDiSoft\BiznetDisoft_Web\frmMainPage.aspx.vb:line 139<BR> ...PageLoad
UserNo :
UserName :shailendrasinh
User Division :
URL:http://localhost/BiznetDisoft_Web/frmMainPage.aspx?usertype=0098
Javascript: 3.0
VB Script: False
Cookies: True
Remote Address: ::1
=========================================================

Err.Date: 6/5/2018 3:16:49 PM
System.Net.WebException: The operation has timed out
   at System.Web.Services.Protocols.WebClientProtocol.GetWebResponse(WebRequest request)
   at System.Web.Services.Protocols.HttpWebClientProtocol.GetWebResponse(WebRequest request)
   at System.Web.Services.Protocols.SoapHttpClientProtocol.Invoke(String methodName, Object[] parameters)
   at WS_HelpDbTable.WS_HelpDbTable.getLocationMst(String WhereCondition_1, DataRetrievalModeEnum DataRetrieval_1, DataSet& Sql_DataSet, String& eStr_Retu) in c:\Windows\Microsoft.NET\Framework\v4.0.30319\Temporary ASP.NET Files\biznetdisoft_web\4e1ce5ce\770d7547\App_WebReferences.aw1hqyqd.3.cs:line 48256
   at frmMainPage.Page_Load(Object sender, EventArgs e) in D:\Applications\BiznetDiSoft\BiznetDisoft_Web\frmMainPage.aspx.vb:line 139<BR> ...PageLoad
UserNo :
UserName :shailendrasinh
User Division :
URL:http://localhost/BiznetDisoft_Web/frmMainPage.aspx?usertype=0098
Javascript: 3.0
VB Script: False
Cookies: True
Remote Address: ::1
=========================================================

Err.Date: 6/5/2018 3:21:49 PM
System.Net.WebException: The operation has timed out
   at System.Web.Services.Protocols.WebClientProtocol.GetWebResponse(WebRequest request)
   at System.Web.Services.Protocols.HttpWebClientProtocol.GetWebResponse(WebRequest request)
   at System.Web.Services.Protocols.SoapHttpClientProtocol.Invoke(String methodName, Object[] parameters)
   at WS_HelpDbTable.WS_HelpDbTable.getLocationMst(String WhereCondition_1, DataRetrievalModeEnum DataRetrieval_1, DataSet& Sql_DataSet, String& eStr_Retu) in c:\Windows\Microsoft.NET\Framework\v4.0.30319\Temporary ASP.NET Files\biznetdisoft_web\4e1ce5ce\770d7547\App_WebReferences.aw1hqyqd.3.cs:line 48256
   at frmMainPage.Page_Load(Object sender, EventArgs e) in D:\Applications\BiznetDiSoft\BiznetDisoft_Web\frmMainPage.aspx.vb:line 139<BR> ...PageLoad
UserNo :
UserName :shailendrasinh
User Division :
URL:http://localhost/BiznetDisoft_Web/frmMainPage.aspx?usertype=0098
Javascript: 3.0
VB Script: False
Cookies: True
Remote Address: ::1
=========================================================

Err.Date: 6/5/2018 3:26:49 PM
System.Net.WebException: The operation has timed out
   at System.Web.Services.Protocols.WebClientProtocol.GetWebResponse(WebRequest request)
   at System.Web.Services.Protocols.HttpWebClientProtocol.GetWebResponse(WebRequest request)
   at System.Web.Services.Protocols.SoapHttpClientProtocol.Invoke(String methodName, Object[] parameters)
   at WS_HelpDbTable.WS_HelpDbTable.getLocationMst(String WhereCondition_1, DataRetrievalModeEnum DataRetrieval_1, DataSet& Sql_DataSet, String& eStr_Retu) in c:\Windows\Microsoft.NET\Framework\v4.0.30319\Temporary ASP.NET Files\biznetdisoft_web\4e1ce5ce\770d7547\App_WebReferences.aw1hqyqd.3.cs:line 48256
   at frmMainPage.Page_Load(Object sender, EventArgs e) in D:\Applications\BiznetDiSoft\BiznetDisoft_Web\frmMainPage.aspx.vb:line 139<BR> ...PageLoad
UserNo :
UserName :shailendrasinh
User Division :
URL:http://localhost/BiznetDisoft_Web/frmMainPage.aspx?usertype=0098
Javascript: 3.0
VB Script: False
Cookies: True
Remote Address: ::1
=========================================================

Err.Date: 6/5/2018 3:31:50 PM
System.Net.WebException: The operation has timed out
   at System.Web.Services.Protocols.WebClientProtocol.GetWebResponse(WebRequest request)
   at System.Web.Services.Protocols.HttpWebClientProtocol.GetWebResponse(WebRequest request)
   at System.Web.Services.Protocols.SoapHttpClientProtocol.Invoke(String methodName, Object[] parameters)
   at WS_HelpDbTable.WS_HelpDbTable.getLocationMst(String WhereCondition_1, DataRetrievalModeEnum DataRetrieval_1, DataSet& Sql_DataSet, String& eStr_Retu) in c:\Windows\Microsoft.NET\Framework\v4.0.30319\Temporary ASP.NET Files\biznetdisoft_web\4e1ce5ce\770d7547\App_WebReferences.aw1hqyqd.3.cs:line 48256
   at frmMainPage.Page_Load(Object sender, EventArgs e) in D:\Applications\BiznetDiSoft\BiznetDisoft_Web\frmMainPage.aspx.vb:line 139<BR> ...PageLoad
UserNo :
UserName :shailendrasinh
User Division :
URL:http://localhost/BiznetDisoft_Web/frmMainPage.aspx?usertype=0098
Javascript: 3.0
VB Script: False
Cookies: True
Remote Address: ::1
=========================================================

Err.Date: 6/5/2018 3:36:50 PM
System.Net.WebException: The operation has timed out
   at System.Web.Services.Protocols.WebClientProtocol.GetWebResponse(WebRequest request)
   at System.Web.Services.Protocols.HttpWebClientProtocol.GetWebResponse(WebRequest request)
   at System.Web.Services.Protocols.SoapHttpClientProtocol.Invoke(String methodName, Object[] parameters)
   at WS_HelpDbTable.WS_HelpDbTable.getLocationMst(String WhereCondition_1, DataRetrievalModeEnum DataRetrieval_1, DataSet& Sql_DataSet, String& eStr_Retu) in c:\Windows\Microsoft.NET\Framework\v4.0.30319\Temporary ASP.NET Files\biznetdisoft_web\4e1ce5ce\770d7547\App_WebReferences.aw1hqyqd.3.cs:line 48256
   at frmMainPage.Page_Load(Object sender, EventArgs e) in D:\Applications\BiznetDiSoft\BiznetDisoft_Web\frmMainPage.aspx.vb:line 139<BR> ...PageLoad
UserNo :
UserName :shailendrasinh
User Division :
URL:http://localhost/BiznetDisoft_Web/frmMainPage.aspx?usertype=0098
Javascript: 3.0
VB Script: False
Cookies: True
Remote Address: ::1
=========================================================

Err.Date: 6/5/2018 3:41:50 PM
System.Net.WebException: The operation has timed out
   at System.Web.Services.Protocols.WebClientProtocol.GetWebResponse(WebRequest request)
   at System.Web.Services.Protocols.HttpWebClientProtocol.GetWebResponse(WebRequest request)
   at System.Web.Services.Protocols.SoapHttpClientProtocol.Invoke(String methodName, Object[] parameters)
   at WS_HelpDbTable.WS_HelpDbTable.getLocationMst(String WhereCondition_1, DataRetrievalModeEnum DataRetrieval_1, DataSet& Sql_DataSet, String& eStr_Retu) in c:\Windows\Microsoft.NET\Framework\v4.0.30319\Temporary ASP.NET Files\biznetdisoft_web\4e1ce5ce\770d7547\App_WebReferences.aw1hqyqd.3.cs:line 48256
   at frmMainPage.Page_Load(Object sender, EventArgs e) in D:\Applications\BiznetDiSoft\BiznetDisoft_Web\frmMainPage.aspx.vb:line 139<BR> ...PageLoad
UserNo :
UserName :shailendrasinh
User Division :
URL:http://localhost/BiznetDisoft_Web/frmMainPage.aspx?usertype=0098
Javascript: 3.0
VB Script: False
Cookies: True
Remote Address: ::1
=========================================================

Err.Date: 6/5/2018 3:46:50 PM
System.Net.WebException: The operation has timed out
   at System.Web.Services.Protocols.WebClientProtocol.GetWebResponse(WebRequest request)
   at System.Web.Services.Protocols.HttpWebClientProtocol.GetWebResponse(WebRequest request)
   at System.Web.Services.Protocols.SoapHttpClientProtocol.Invoke(String methodName, Object[] parameters)
   at WS_HelpDbTable.WS_HelpDbTable.getLocationMst(String WhereCondition_1, DataRetrievalModeEnum DataRetrieval_1, DataSet& Sql_DataSet, String& eStr_Retu) in c:\Windows\Microsoft.NET\Framework\v4.0.30319\Temporary ASP.NET Files\biznetdisoft_web\4e1ce5ce\770d7547\App_WebReferences.aw1hqyqd.3.cs:line 48256
   at frmMainPage.Page_Load(Object sender, EventArgs e) in D:\Applications\BiznetDiSoft\BiznetDisoft_Web\frmMainPage.aspx.vb:line 139<BR> ...PageLoad
UserNo :
UserName :shailendrasinh
User Division :
URL:http://localhost/BiznetDisoft_Web/frmMainPage.aspx?usertype=0098
Javascript: 3.0
VB Script: False
Cookies: True
Remote Address: ::1
=========================================================

Err.Date: 6/5/2018 3:51:51 PM
System.Net.WebException: The operation has timed out
   at System.Web.Services.Protocols.WebClientProtocol.GetWebResponse(WebRequest request)
   at System.Web.Services.Protocols.HttpWebClientProtocol.GetWebResponse(WebRequest request)
   at System.Web.Services.Protocols.SoapHttpClientProtocol.Invoke(String methodName, Object[] parameters)
   at WS_HelpDbTable.WS_HelpDbTable.getLocationMst(String WhereCondition_1, DataRetrievalModeEnum DataRetrieval_1, DataSet& Sql_DataSet, String& eStr_Retu) in c:\Windows\Microsoft.NET\Framework\v4.0.30319\Temporary ASP.NET Files\biznetdisoft_web\4e1ce5ce\770d7547\App_WebReferences.aw1hqyqd.3.cs:line 48256
   at frmMainPage.Page_Load(Object sender, EventArgs e) in D:\Applications\BiznetDiSoft\BiznetDisoft_Web\frmMainPage.aspx.vb:line 139<BR> ...PageLoad
UserNo :
UserName :shailendrasinh
User Division :
URL:http://localhost/BiznetDisoft_Web/frmMainPage.aspx?usertype=0098
Javascript: 3.0
VB Script: False
Cookies: True
Remote Address: ::1
=========================================================

Err.Date: 6/5/2018 3:56:51 PM
System.Net.WebException: The operation has timed out
   at System.Web.Services.Protocols.WebClientProtocol.GetWebResponse(WebRequest request)
   at System.Web.Services.Protocols.HttpWebClientProtocol.GetWebResponse(WebRequest request)
   at System.Web.Services.Protocols.SoapHttpClientProtocol.Invoke(String methodName, Object[] parameters)
   at WS_HelpDbTable.WS_HelpDbTable.getLocationMst(String WhereCondition_1, DataRetrievalModeEnum DataRetrieval_1, DataSet& Sql_DataSet, String& eStr_Retu) in c:\Windows\Microsoft.NET\Framework\v4.0.30319\Temporary ASP.NET Files\biznetdisoft_web\4e1ce5ce\770d7547\App_WebReferences.aw1hqyqd.3.cs:line 48256
   at frmMainPage.Page_Load(Object sender, EventArgs e) in D:\Applications\BiznetDiSoft\BiznetDisoft_Web\frmMainPage.aspx.vb:line 139<BR> ...PageLoad
UserNo :
UserName :shailendrasinh
User Division :
URL:http://localhost/BiznetDisoft_Web/frmMainPage.aspx?usertype=0098
Javascript: 3.0
VB Script: False
Cookies: True
Remote Address: ::1
=========================================================

Err.Date: 6/5/2018 4:01:51 PM
System.Net.WebException: The operation has timed out
   at System.Web.Services.Protocols.WebClientProtocol.GetWebResponse(WebRequest request)
   at System.Web.Services.Protocols.HttpWebClientProtocol.GetWebResponse(WebRequest request)
   at System.Web.Services.Protocols.SoapHttpClientProtocol.Invoke(String methodName, Object[] parameters)
   at WS_HelpDbTable.WS_HelpDbTable.getLocationMst(String WhereCondition_1, DataRetrievalModeEnum DataRetrieval_1, DataSet& Sql_DataSet, String& eStr_Retu) in c:\Windows\Microsoft.NET\Framework\v4.0.30319\Temporary ASP.NET Files\biznetdisoft_web\4e1ce5ce\770d7547\App_WebReferences.aw1hqyqd.3.cs:line 48256
   at frmMainPage.Page_Load(Object sender, EventArgs e) in D:\Applications\BiznetDiSoft\BiznetDisoft_Web\frmMainPage.aspx.vb:line 139<BR> ...PageLoad
UserNo :
UserName :shailendrasinh
User Division :
URL:http://localhost/BiznetDisoft_Web/frmMainPage.aspx?usertype=0098
Javascript: 3.0
VB Script: False
Cookies: True
Remote Address: ::1
=========================================================

Err.Date: 6/5/2018 4:06:51 PM
System.Net.WebException: The operation has timed out
   at System.Web.Services.Protocols.WebClientProtocol.GetWebResponse(WebRequest request)
   at System.Web.Services.Protocols.HttpWebClientProtocol.GetWebResponse(WebRequest request)
   at System.Web.Services.Protocols.SoapHttpClientProtocol.Invoke(String methodName, Object[] parameters)
   at WS_HelpDbTable.WS_HelpDbTable.getLocationMst(String WhereCondition_1, DataRetrievalModeEnum DataRetrieval_1, DataSet& Sql_DataSet, String& eStr_Retu) in c:\Windows\Microsoft.NET\Framework\v4.0.30319\Temporary ASP.NET Files\biznetdisoft_web\4e1ce5ce\770d7547\App_WebReferences.aw1hqyqd.3.cs:line 48256
   at frmMainPage.Page_Load(Object sender, EventArgs e) in D:\Applications\BiznetDiSoft\BiznetDisoft_Web\frmMainPage.aspx.vb:line 139<BR> ...PageLoad
UserNo :
UserName :shailendrasinh
User Division :
URL:http://localhost/BiznetDisoft_Web/frmMainPage.aspx?usertype=0098
Javascript: 3.0
VB Script: False
Cookies: True
Remote Address: ::1
=========================================================

Err.Date: 6/5/2018 4:11:51 PM
System.Net.WebException: The operation has timed out
   at System.Web.Services.Protocols.WebClientProtocol.GetWebResponse(WebRequest request)
   at System.Web.Services.Protocols.HttpWebClientProtocol.GetWebResponse(WebRequest request)
   at System.Web.Services.Protocols.SoapHttpClientProtocol.Invoke(String methodName, Object[] parameters)
   at WS_HelpDbTable.WS_HelpDbTable.getLocationMst(String WhereCondition_1, DataRetrievalModeEnum DataRetrieval_1, DataSet& Sql_DataSet, String& eStr_Retu) in c:\Windows\Microsoft.NET\Framework\v4.0.30319\Temporary ASP.NET Files\biznetdisoft_web\4e1ce5ce\770d7547\App_WebReferences.aw1hqyqd.3.cs:line 48256
   at frmMainPage.Page_Load(Object sender, EventArgs e) in D:\Applications\BiznetDiSoft\BiznetDisoft_Web\frmMainPage.aspx.vb:line 139<BR> ...PageLoad
UserNo :
UserName :shailendrasinh
User Division :
URL:http://localhost/BiznetDisoft_Web/frmMainPage.aspx?usertype=0098
Javascript: 3.0
VB Script: False
Cookies: True
Remote Address: ::1
=========================================================

Err.Date: 6/5/2018 4:16:52 PM
System.Net.WebException: The operation has timed out
   at System.Web.Services.Protocols.WebClientProtocol.GetWebResponse(WebRequest request)
   at System.Web.Services.Protocols.HttpWebClientProtocol.GetWebResponse(WebRequest request)
   at System.Web.Services.Protocols.SoapHttpClientProtocol.Invoke(String methodName, Object[] parameters)
   at WS_HelpDbTable.WS_HelpDbTable.getLocationMst(String WhereCondition_1, DataRetrievalModeEnum DataRetrieval_1, DataSet& Sql_DataSet, String& eStr_Retu) in c:\Windows\Microsoft.NET\Framework\v4.0.30319\Temporary ASP.NET Files\biznetdisoft_web\4e1ce5ce\770d7547\App_WebReferences.aw1hqyqd.3.cs:line 48256
   at frmMainPage.Page_Load(Object sender, EventArgs e) in D:\Applications\BiznetDiSoft\BiznetDisoft_Web\frmMainPage.aspx.vb:line 139<BR> ...PageLoad
UserNo :
UserName :shailendrasinh
User Division :
URL:http://localhost/BiznetDisoft_Web/frmMainPage.aspx?usertype=0098
Javascript: 3.0
VB Script: False
Cookies: True
Remote Address: ::1
=========================================================

Err.Date: 6/5/2018 4:21:52 PM
System.Net.WebException: The operation has timed out
   at System.Web.Services.Protocols.WebClientProtocol.GetWebResponse(WebRequest request)
   at System.Web.Services.Protocols.HttpWebClientProtocol.GetWebResponse(WebRequest request)
   at System.Web.Services.Protocols.SoapHttpClientProtocol.Invoke(String methodName, Object[] parameters)
   at WS_HelpDbTable.WS_HelpDbTable.getLocationMst(String WhereCondition_1, DataRetrievalModeEnum DataRetrieval_1, DataSet& Sql_DataSet, String& eStr_Retu) in c:\Windows\Microsoft.NET\Framework\v4.0.30319\Temporary ASP.NET Files\biznetdisoft_web\4e1ce5ce\770d7547\App_WebReferences.aw1hqyqd.3.cs:line 48256
   at frmMainPage.Page_Load(Object sender, EventArgs e) in D:\Applications\BiznetDiSoft\BiznetDisoft_Web\frmMainPage.aspx.vb:line 139<BR> ...PageLoad
UserNo :
UserName :shailendrasinh
User Division :
URL:http://localhost/BiznetDisoft_Web/frmMainPage.aspx?usertype=0098
Javascript: 3.0
VB Script: False
Cookies: True
Remote Address: ::1
=========================================================

Err.Date: 6/5/2018 4:26:52 PM
System.Net.WebException: The operation has timed out
   at System.Web.Services.Protocols.WebClientProtocol.GetWebResponse(WebRequest request)
   at System.Web.Services.Protocols.HttpWebClientProtocol.GetWebResponse(WebRequest request)
   at System.Web.Services.Protocols.SoapHttpClientProtocol.Invoke(String methodName, Object[] parameters)
   at WS_HelpDbTable.WS_HelpDbTable.getLocationMst(String WhereCondition_1, DataRetrievalModeEnum DataRetrieval_1, DataSet& Sql_DataSet, String& eStr_Retu) in c:\Windows\Microsoft.NET\Framework\v4.0.30319\Temporary ASP.NET Files\biznetdisoft_web\4e1ce5ce\770d7547\App_WebReferences.aw1hqyqd.3.cs:line 48256
   at frmMainPage.Page_Load(Object sender, EventArgs e) in D:\Applications\BiznetDiSoft\BiznetDisoft_Web\frmMainPage.aspx.vb:line 139<BR> ...PageLoad
UserNo :
UserName :shailendrasinh
User Division :
URL:http://localhost/BiznetDisoft_Web/frmMainPage.aspx?usertype=0098
Javascript: 3.0
VB Script: False
Cookies: True
Remote Address: ::1
=========================================================

Err.Date: 6/5/2018 4:31:52 PM
System.Net.WebException: The operation has timed out
   at System.Web.Services.Protocols.WebClientProtocol.GetWebResponse(WebRequest request)
   at System.Web.Services.Protocols.HttpWebClientProtocol.GetWebResponse(WebRequest request)
   at System.Web.Services.Protocols.SoapHttpClientProtocol.Invoke(String methodName, Object[] parameters)
   at WS_HelpDbTable.WS_HelpDbTable.getLocationMst(String WhereCondition_1, DataRetrievalModeEnum DataRetrieval_1, DataSet& Sql_DataSet, String& eStr_Retu) in c:\Windows\Microsoft.NET\Framework\v4.0.30319\Temporary ASP.NET Files\biznetdisoft_web\4e1ce5ce\770d7547\App_WebReferences.aw1hqyqd.3.cs:line 48256
   at frmMainPage.Page_Load(Object sender, EventArgs e) in D:\Applications\BiznetDiSoft\BiznetDisoft_Web\frmMainPage.aspx.vb:line 139<BR> ...PageLoad
UserNo :
UserName :shailendrasinh
User Division :
URL:http://localhost/BiznetDisoft_Web/frmMainPage.aspx?usertype=0098
Javascript: 3.0
VB Script: False
Cookies: True
Remote Address: ::1
=========================================================

Err.Date: 6/5/2018 4:36:52 PM
System.Net.WebException: The operation has timed out
   at System.Web.Services.Protocols.WebClientProtocol.GetWebResponse(WebRequest request)
   at System.Web.Services.Protocols.HttpWebClientProtocol.GetWebResponse(WebRequest request)
   at System.Web.Services.Protocols.SoapHttpClientProtocol.Invoke(String methodName, Object[] parameters)
   at WS_HelpDbTable.WS_HelpDbTable.getLocationMst(String WhereCondition_1, DataRetrievalModeEnum DataRetrieval_1, DataSet& Sql_DataSet, String& eStr_Retu) in c:\Windows\Microsoft.NET\Framework\v4.0.30319\Temporary ASP.NET Files\biznetdisoft_web\4e1ce5ce\770d7547\App_WebReferences.aw1hqyqd.3.cs:line 48256
   at frmMainPage.Page_Load(Object sender, EventArgs e) in D:\Applications\BiznetDiSoft\BiznetDisoft_Web\frmMainPage.aspx.vb:line 139<BR> ...PageLoad
UserNo :
UserName :shailendrasinh
User Division :
URL:http://localhost/BiznetDisoft_Web/frmMainPage.aspx?usertype=0098
Javascript: 3.0
VB Script: False
Cookies: True
Remote Address: ::1
=========================================================

Err.Date: 6/5/2018 4:41:52 PM
System.Net.WebException: The operation has timed out
   at System.Web.Services.Protocols.WebClientProtocol.GetWebResponse(WebRequest request)
   at System.Web.Services.Protocols.HttpWebClientProtocol.GetWebResponse(WebRequest request)
   at System.Web.Services.Protocols.SoapHttpClientProtocol.Invoke(String methodName, Object[] parameters)
   at WS_HelpDbTable.WS_HelpDbTable.getLocationMst(String WhereCondition_1, DataRetrievalModeEnum DataRetrieval_1, DataSet& Sql_DataSet, String& eStr_Retu) in c:\Windows\Microsoft.NET\Framework\v4.0.30319\Temporary ASP.NET Files\biznetdisoft_web\4e1ce5ce\770d7547\App_WebReferences.aw1hqyqd.3.cs:line 48256
   at frmMainPage.Page_Load(Object sender, EventArgs e) in D:\Applications\BiznetDiSoft\BiznetDisoft_Web\frmMainPage.aspx.vb:line 139<BR> ...PageLoad
UserNo :
UserName :shailendrasinh
User Division :
URL:http://localhost/BiznetDisoft_Web/frmMainPage.aspx?usertype=0098
Javascript: 3.0
VB Script: False
Cookies: True
Remote Address: ::1
=========================================================

Err.Date: 6/5/2018 4:46:52 PM
System.Net.WebException: The operation has timed out
   at System.Web.Services.Protocols.WebClientProtocol.GetWebResponse(WebRequest request)
   at System.Web.Services.Protocols.HttpWebClientProtocol.GetWebResponse(WebRequest request)
   at System.Web.Services.Protocols.SoapHttpClientProtocol.Invoke(String methodName, Object[] parameters)
   at WS_HelpDbTable.WS_HelpDbTable.getLocationMst(String WhereCondition_1, DataRetrievalModeEnum DataRetrieval_1, DataSet& Sql_DataSet, String& eStr_Retu) in c:\Windows\Microsoft.NET\Framework\v4.0.30319\Temporary ASP.NET Files\biznetdisoft_web\4e1ce5ce\770d7547\App_WebReferences.aw1hqyqd.3.cs:line 48256
   at frmMainPage.Page_Load(Object sender, EventArgs e) in D:\Applications\BiznetDiSoft\BiznetDisoft_Web\frmMainPage.aspx.vb:line 139<BR> ...PageLoad
UserNo :
UserName :shailendrasinh
User Division :
URL:http://localhost/BiznetDisoft_Web/frmMainPage.aspx?usertype=0098
Javascript: 3.0
VB Script: False
Cookies: True
Remote Address: ::1
=========================================================

Err.Date: 6/5/2018 4:51:52 PM
System.Net.WebException: The operation has timed out
   at System.Web.Services.Protocols.WebClientProtocol.GetWebResponse(WebRequest request)
   at System.Web.Services.Protocols.HttpWebClientProtocol.GetWebResponse(WebRequest request)
   at System.Web.Services.Protocols.SoapHttpClientProtocol.Invoke(String methodName, Object[] parameters)
   at WS_HelpDbTable.WS_HelpDbTable.getLocationMst(String WhereCondition_1, DataRetrievalModeEnum DataRetrieval_1, DataSet& Sql_DataSet, String& eStr_Retu) in c:\Windows\Microsoft.NET\Framework\v4.0.30319\Temporary ASP.NET Files\biznetdisoft_web\4e1ce5ce\770d7547\App_WebReferences.aw1hqyqd.3.cs:line 48256
   at frmMainPage.Page_Load(Object sender, EventArgs e) in D:\Applications\BiznetDiSoft\BiznetDisoft_Web\frmMainPage.aspx.vb:line 139<BR> ...PageLoad
UserNo :
UserName :shailendrasinh
User Division :
URL:http://localhost/BiznetDisoft_Web/frmMainPage.aspx?usertype=0098
Javascript: 3.0
VB Script: False
Cookies: True
Remote Address: ::1
=========================================================

Err.Date: 6/5/2018 4:56:52 PM
System.Net.WebException: The operation has timed out
   at System.Web.Services.Protocols.WebClientProtocol.GetWebResponse(WebRequest request)
   at System.Web.Services.Protocols.HttpWebClientProtocol.GetWebResponse(WebRequest request)
   at System.Web.Services.Protocols.SoapHttpClientProtocol.Invoke(String methodName, Object[] parameters)
   at WS_HelpDbTable.WS_HelpDbTable.getLocationMst(String WhereCondition_1, DataRetrievalModeEnum DataRetrieval_1, DataSet& Sql_DataSet, String& eStr_Retu) in c:\Windows\Microsoft.NET\Framework\v4.0.30319\Temporary ASP.NET Files\biznetdisoft_web\4e1ce5ce\770d7547\App_WebReferences.aw1hqyqd.3.cs:line 48256
   at frmMainPage.Page_Load(Object sender, EventArgs e) in D:\Applications\BiznetDiSoft\BiznetDisoft_Web\frmMainPage.aspx.vb:line 139<BR> ...PageLoad
UserNo :
UserName :shailendrasinh
User Division :
URL:http://localhost/BiznetDisoft_Web/frmMainPage.aspx?usertype=0098
Javascript: 3.0
VB Script: False
Cookies: True
Remote Address: ::1
=========================================================

Err.Date: 6/5/2018 5:01:53 PM
System.Net.WebException: The operation has timed out
   at System.Web.Services.Protocols.WebClientProtocol.GetWebResponse(WebRequest request)
   at System.Web.Services.Protocols.HttpWebClientProtocol.GetWebResponse(WebRequest request)
   at System.Web.Services.Protocols.SoapHttpClientProtocol.Invoke(String methodName, Object[] parameters)
   at WS_HelpDbTable.WS_HelpDbTable.getLocationMst(String WhereCondition_1, DataRetrievalModeEnum DataRetrieval_1, DataSet& Sql_DataSet, String& eStr_Retu) in c:\Windows\Microsoft.NET\Framework\v4.0.30319\Temporary ASP.NET Files\biznetdisoft_web\4e1ce5ce\770d7547\App_WebReferences.aw1hqyqd.3.cs:line 48256
   at frmMainPage.Page_Load(Object sender, EventArgs e) in D:\Applications\BiznetDiSoft\BiznetDisoft_Web\frmMainPage.aspx.vb:line 139<BR> ...PageLoad
UserNo :
UserName :shailendrasinh
User Division :
URL:http://localhost/BiznetDisoft_Web/frmMainPage.aspx?usertype=0098
Javascript: 3.0
VB Script: False
Cookies: True
Remote Address: ::1
=========================================================

Err.Date: 6/5/2018 5:06:53 PM
System.Net.WebException: The operation has timed out
   at System.Web.Services.Protocols.WebClientProtocol.GetWebResponse(WebRequest request)
   at System.Web.Services.Protocols.HttpWebClientProtocol.GetWebResponse(WebRequest request)
   at System.Web.Services.Protocols.SoapHttpClientProtocol.Invoke(String methodName, Object[] parameters)
   at WS_HelpDbTable.WS_HelpDbTable.getLocationMst(String WhereCondition_1, DataRetrievalModeEnum DataRetrieval_1, DataSet& Sql_DataSet, String& eStr_Retu) in c:\Windows\Microsoft.NET\Framework\v4.0.30319\Temporary ASP.NET Files\biznetdisoft_web\4e1ce5ce\770d7547\App_WebReferences.aw1hqyqd.3.cs:line 48256
   at frmMainPage.Page_Load(Object sender, EventArgs e) in D:\Applications\BiznetDiSoft\BiznetDisoft_Web\frmMainPage.aspx.vb:line 139<BR> ...PageLoad
UserNo :
UserName :shailendrasinh
User Division :
URL:http://localhost/BiznetDisoft_Web/frmMainPage.aspx?usertype=0098
Javascript: 3.0
VB Script: False
Cookies: True
Remote Address: ::1
=========================================================

Err.Date: 6/5/2018 5:11:53 PM
System.Net.WebException: The operation has timed out
   at System.Web.Services.Protocols.WebClientProtocol.GetWebResponse(WebRequest request)
   at System.Web.Services.Protocols.HttpWebClientProtocol.GetWebResponse(WebRequest request)
   at System.Web.Services.Protocols.SoapHttpClientProtocol.Invoke(String methodName, Object[] parameters)
   at WS_HelpDbTable.WS_HelpDbTable.getLocationMst(String WhereCondition_1, DataRetrievalModeEnum DataRetrieval_1, DataSet& Sql_DataSet, String& eStr_Retu) in c:\Windows\Microsoft.NET\Framework\v4.0.30319\Temporary ASP.NET Files\biznetdisoft_web\4e1ce5ce\770d7547\App_WebReferences.aw1hqyqd.3.cs:line 48256
   at frmMainPage.Page_Load(Object sender, EventArgs e) in D:\Applications\BiznetDiSoft\BiznetDisoft_Web\frmMainPage.aspx.vb:line 139<BR> ...PageLoad
UserNo :
UserName :shailendrasinh
User Division :
URL:http://localhost/BiznetDisoft_Web/frmMainPage.aspx?usertype=0098
Javascript: 3.0
VB Script: False
Cookies: True
Remote Address: ::1
=========================================================

Err.Date: 6/5/2018 5:16:53 PM
System.Net.WebException: The operation has timed out
   at System.Web.Services.Protocols.WebClientProtocol.GetWebResponse(WebRequest request)
   at System.Web.Services.Protocols.HttpWebClientProtocol.GetWebResponse(WebRequest request)
   at System.Web.Services.Protocols.SoapHttpClientProtocol.Invoke(String methodName, Object[] parameters)
   at WS_HelpDbTable.WS_HelpDbTable.getLocationMst(String WhereCondition_1, DataRetrievalModeEnum DataRetrieval_1, DataSet& Sql_DataSet, String& eStr_Retu) in c:\Windows\Microsoft.NET\Framework\v4.0.30319\Temporary ASP.NET Files\biznetdisoft_web\4e1ce5ce\770d7547\App_WebReferences.aw1hqyqd.3.cs:line 48256
   at frmMainPage.Page_Load(Object sender, EventArgs e) in D:\Applications\BiznetDiSoft\BiznetDisoft_Web\frmMainPage.aspx.vb:line 139<BR> ...PageLoad
UserNo :
UserName :shailendrasinh
User Division :
URL:http://localhost/BiznetDisoft_Web/frmMainPage.aspx?usertype=0098
Javascript: 3.0
VB Script: False
Cookies: True
Remote Address: ::1
=========================================================

Err.Date: 6/5/2018 5:21:53 PM
System.Net.WebException: The operation has timed out
   at System.Web.Services.Protocols.WebClientProtocol.GetWebResponse(WebRequest request)
   at System.Web.Services.Protocols.HttpWebClientProtocol.GetWebResponse(WebRequest request)
   at System.Web.Services.Protocols.SoapHttpClientProtocol.Invoke(String methodName, Object[] parameters)
   at WS_HelpDbTable.WS_HelpDbTable.getLocationMst(String WhereCondition_1, DataRetrievalModeEnum DataRetrieval_1, DataSet& Sql_DataSet, String& eStr_Retu) in c:\Windows\Microsoft.NET\Framework\v4.0.30319\Temporary ASP.NET Files\biznetdisoft_web\4e1ce5ce\770d7547\App_WebReferences.aw1hqyqd.3.cs:line 48256
   at frmMainPage.Page_Load(Object sender, EventArgs e) in D:\Applications\BiznetDiSoft\BiznetDisoft_Web\frmMainPage.aspx.vb:line 139<BR> ...PageLoad
UserNo :
UserName :shailendrasinh
User Division :
URL:http://localhost/BiznetDisoft_Web/frmMainPage.aspx?usertype=0098
Javascript: 3.0
VB Script: False
Cookies: True
Remote Address: ::1
=========================================================

Err.Date: 6/5/2018 5:26:53 PM
System.Net.WebException: The operation has timed out
   at System.Web.Services.Protocols.WebClientProtocol.GetWebResponse(WebRequest request)
   at System.Web.Services.Protocols.HttpWebClientProtocol.GetWebResponse(WebRequest request)
   at System.Web.Services.Protocols.SoapHttpClientProtocol.Invoke(String methodName, Object[] parameters)
   at WS_HelpDbTable.WS_HelpDbTable.getLocationMst(String WhereCondition_1, DataRetrievalModeEnum DataRetrieval_1, DataSet& Sql_DataSet, String& eStr_Retu) in c:\Windows\Microsoft.NET\Framework\v4.0.30319\Temporary ASP.NET Files\biznetdisoft_web\4e1ce5ce\770d7547\App_WebReferences.aw1hqyqd.3.cs:line 48256
   at frmMainPage.Page_Load(Object sender, EventArgs e) in D:\Applications\BiznetDiSoft\BiznetDisoft_Web\frmMainPage.aspx.vb:line 139<BR> ...PageLoad
UserNo :
UserName :shailendrasinh
User Division :
URL:http://localhost/BiznetDisoft_Web/frmMainPage.aspx?usertype=0098
Javascript: 3.0
VB Script: False
Cookies: True
Remote Address: ::1
=========================================================

Err.Date: 6/5/2018 5:31:53 PM
System.Net.WebException: The operation has timed out
   at System.Web.Services.Protocols.WebClientProtocol.GetWebResponse(WebRequest request)
   at System.Web.Services.Protocols.HttpWebClientProtocol.GetWebResponse(WebRequest request)
   at System.Web.Services.Protocols.SoapHttpClientProtocol.Invoke(String methodName, Object[] parameters)
   at WS_HelpDbTable.WS_HelpDbTable.getLocationMst(String WhereCondition_1, DataRetrievalModeEnum DataRetrieval_1, DataSet& Sql_DataSet, String& eStr_Retu) in c:\Windows\Microsoft.NET\Framework\v4.0.30319\Temporary ASP.NET Files\biznetdisoft_web\4e1ce5ce\770d7547\App_WebReferences.aw1hqyqd.3.cs:line 48256
   at frmMainPage.Page_Load(Object sender, EventArgs e) in D:\Applications\BiznetDiSoft\BiznetDisoft_Web\frmMainPage.aspx.vb:line 139<BR> ...PageLoad
UserNo :
UserName :shailendrasinh
User Division :
URL:http://localhost/BiznetDisoft_Web/frmMainPage.aspx?usertype=0098
Javascript: 3.0
VB Script: False
Cookies: True
Remote Address: ::1
=========================================================

Err.Date: 6/5/2018 5:36:53 PM
System.Net.WebException: The operation has timed out
   at System.Web.Services.Protocols.WebClientProtocol.GetWebResponse(WebRequest request)
   at System.Web.Services.Protocols.HttpWebClientProtocol.GetWebResponse(WebRequest request)
   at System.Web.Services.Protocols.SoapHttpClientProtocol.Invoke(String methodName, Object[] parameters)
   at WS_HelpDbTable.WS_HelpDbTable.getLocationMst(String WhereCondition_1, DataRetrievalModeEnum DataRetrieval_1, DataSet& Sql_DataSet, String& eStr_Retu) in c:\Windows\Microsoft.NET\Framework\v4.0.30319\Temporary ASP.NET Files\biznetdisoft_web\4e1ce5ce\770d7547\App_WebReferences.aw1hqyqd.3.cs:line 48256
   at frmMainPage.Page_Load(Object sender, EventArgs e) in D:\Applications\BiznetDiSoft\BiznetDisoft_Web\frmMainPage.aspx.vb:line 139<BR> ...PageLoad
UserNo :
UserName :shailendrasinh
User Division :
URL:http://localhost/BiznetDisoft_Web/frmMainPage.aspx?usertype=0098
Javascript: 3.0
VB Script: False
Cookies: True
Remote Address: ::1
=========================================================

Err.Date: 6/5/2018 5:41:53 PM
System.Net.WebException: The operation has timed out
   at System.Web.Services.Protocols.WebClientProtocol.GetWebResponse(WebRequest request)
   at System.Web.Services.Protocols.HttpWebClientProtocol.GetWebResponse(WebRequest request)
   at System.Web.Services.Protocols.SoapHttpClientProtocol.Invoke(String methodName, Object[] parameters)
   at WS_HelpDbTable.WS_HelpDbTable.getLocationMst(String WhereCondition_1, DataRetrievalModeEnum DataRetrieval_1, DataSet& Sql_DataSet, String& eStr_Retu) in c:\Windows\Microsoft.NET\Framework\v4.0.30319\Temporary ASP.NET Files\biznetdisoft_web\4e1ce5ce\770d7547\App_WebReferences.aw1hqyqd.3.cs:line 48256
   at frmMainPage.Page_Load(Object sender, EventArgs e) in D:\Applications\BiznetDiSoft\BiznetDisoft_Web\frmMainPage.aspx.vb:line 139<BR> ...PageLoad
UserNo :
UserName :shailendrasinh
User Division :
URL:http://localhost/BiznetDisoft_Web/frmMainPage.aspx?usertype=0098
Javascript: 3.0
VB Script: False
Cookies: True
Remote Address: ::1
=========================================================

Err.Date: 6/5/2018 5:46:53 PM
System.Net.WebException: The operation has timed out
   at System.Web.Services.Protocols.WebClientProtocol.GetWebResponse(WebRequest request)
   at System.Web.Services.Protocols.HttpWebClientProtocol.GetWebResponse(WebRequest request)
   at System.Web.Services.Protocols.SoapHttpClientProtocol.Invoke(String methodName, Object[] parameters)
   at WS_HelpDbTable.WS_HelpDbTable.getLocationMst(String WhereCondition_1, DataRetrievalModeEnum DataRetrieval_1, DataSet& Sql_DataSet, String& eStr_Retu) in c:\Windows\Microsoft.NET\Framework\v4.0.30319\Temporary ASP.NET Files\biznetdisoft_web\4e1ce5ce\770d7547\App_WebReferences.aw1hqyqd.3.cs:line 48256
   at frmMainPage.Page_Load(Object sender, EventArgs e) in D:\Applications\BiznetDiSoft\BiznetDisoft_Web\frmMainPage.aspx.vb:line 139<BR> ...PageLoad
UserNo :
UserName :shailendrasinh
User Division :
URL:http://localhost/BiznetDisoft_Web/frmMainPage.aspx?usertype=0098
Javascript: 3.0
VB Script: False
Cookies: True
Remote Address: ::1
=========================================================

Err.Date: 6/5/2018 5:51:54 PM
System.Net.WebException: The operation has timed out
   at System.Web.Services.Protocols.WebClientProtocol.GetWebResponse(WebRequest request)
   at System.Web.Services.Protocols.HttpWebClientProtocol.GetWebResponse(WebRequest request)
   at System.Web.Services.Protocols.SoapHttpClientProtocol.Invoke(String methodName, Object[] parameters)
   at WS_HelpDbTable.WS_HelpDbTable.getLocationMst(String WhereCondition_1, DataRetrievalModeEnum DataRetrieval_1, DataSet& Sql_DataSet, String& eStr_Retu) in c:\Windows\Microsoft.NET\Framework\v4.0.30319\Temporary ASP.NET Files\biznetdisoft_web\4e1ce5ce\770d7547\App_WebReferences.aw1hqyqd.3.cs:line 48256
   at frmMainPage.Page_Load(Object sender, EventArgs e) in D:\Applications\BiznetDiSoft\BiznetDisoft_Web\frmMainPage.aspx.vb:line 139<BR> ...PageLoad
UserNo :
UserName :shailendrasinh
User Division :
URL:http://localhost/BiznetDisoft_Web/frmMainPage.aspx?usertype=0098
Javascript: 3.0
VB Script: False
Cookies: True
Remote Address: ::1
=========================================================

Err.Date: 6/5/2018 5:56:54 PM
System.Net.WebException: The operation has timed out
   at System.Web.Services.Protocols.WebClientProtocol.GetWebResponse(WebRequest request)
   at System.Web.Services.Protocols.HttpWebClientProtocol.GetWebResponse(WebRequest request)
   at System.Web.Services.Protocols.SoapHttpClientProtocol.Invoke(String methodName, Object[] parameters)
   at WS_HelpDbTable.WS_HelpDbTable.getLocationMst(String WhereCondition_1, DataRetrievalModeEnum DataRetrieval_1, DataSet& Sql_DataSet, String& eStr_Retu) in c:\Windows\Microsoft.NET\Framework\v4.0.30319\Temporary ASP.NET Files\biznetdisoft_web\4e1ce5ce\770d7547\App_WebReferences.aw1hqyqd.3.cs:line 48256
   at frmMainPage.Page_Load(Object sender, EventArgs e) in D:\Applications\BiznetDiSoft\BiznetDisoft_Web\frmMainPage.aspx.vb:line 139<BR> ...PageLoad
UserNo :
UserName :shailendrasinh
User Division :
URL:http://localhost/BiznetDisoft_Web/frmMainPage.aspx?usertype=0098
Javascript: 3.0
VB Script: False
Cookies: True
Remote Address: ::1
=========================================================

Err.Date: 6/5/2018 6:01:54 PM
System.Net.WebException: The operation has timed out
   at System.Web.Services.Protocols.WebClientProtocol.GetWebResponse(WebRequest request)
   at System.Web.Services.Protocols.HttpWebClientProtocol.GetWebResponse(WebRequest request)
   at System.Web.Services.Protocols.SoapHttpClientProtocol.Invoke(String methodName, Object[] parameters)
   at WS_HelpDbTable.WS_HelpDbTable.getLocationMst(String WhereCondition_1, DataRetrievalModeEnum DataRetrieval_1, DataSet& Sql_DataSet, String& eStr_Retu) in c:\Windows\Microsoft.NET\Framework\v4.0.30319\Temporary ASP.NET Files\biznetdisoft_web\4e1ce5ce\770d7547\App_WebReferences.aw1hqyqd.3.cs:line 48256
   at frmMainPage.Page_Load(Object sender, EventArgs e) in D:\Applications\BiznetDiSoft\BiznetDisoft_Web\frmMainPage.aspx.vb:line 139<BR> ...PageLoad
UserNo :
UserName :shailendrasinh
User Division :
URL:http://localhost/BiznetDisoft_Web/frmMainPage.aspx?usertype=0098
Javascript: 3.0
VB Script: False
Cookies: True
Remote Address: ::1
=========================================================

Err.Date: 6/5/2018 6:06:54 PM
System.Net.WebException: The operation has timed out
   at System.Web.Services.Protocols.WebClientProtocol.GetWebResponse(WebRequest request)
   at System.Web.Services.Protocols.HttpWebClientProtocol.GetWebResponse(WebRequest request)
   at System.Web.Services.Protocols.SoapHttpClientProtocol.Invoke(String methodName, Object[] parameters)
   at WS_HelpDbTable.WS_HelpDbTable.getLocationMst(String WhereCondition_1, DataRetrievalModeEnum DataRetrieval_1, DataSet& Sql_DataSet, String& eStr_Retu) in c:\Windows\Microsoft.NET\Framework\v4.0.30319\Temporary ASP.NET Files\biznetdisoft_web\4e1ce5ce\770d7547\App_WebReferences.aw1hqyqd.3.cs:line 48256
   at frmMainPage.Page_Load(Object sender, EventArgs e) in D:\Applications\BiznetDiSoft\BiznetDisoft_Web\frmMainPage.aspx.vb:line 139<BR> ...PageLoad
UserNo :
UserName :shailendrasinh
User Division :
URL:http://localhost/BiznetDisoft_Web/frmMainPage.aspx?usertype=0098
Javascript: 3.0
VB Script: False
Cookies: True
Remote Address: ::1
=========================================================

Err.Date: 6/5/2018 6:11:55 PM
System.Net.WebException: The operation has timed out
   at System.Web.Services.Protocols.WebClientProtocol.GetWebResponse(WebRequest request)
   at System.Web.Services.Protocols.HttpWebClientProtocol.GetWebResponse(WebRequest request)
   at System.Web.Services.Protocols.SoapHttpClientProtocol.Invoke(String methodName, Object[] parameters)
   at WS_HelpDbTable.WS_HelpDbTable.getLocationMst(String WhereCondition_1, DataRetrievalModeEnum DataRetrieval_1, DataSet& Sql_DataSet, String& eStr_Retu) in c:\Windows\Microsoft.NET\Framework\v4.0.30319\Temporary ASP.NET Files\biznetdisoft_web\4e1ce5ce\770d7547\App_WebReferences.aw1hqyqd.3.cs:line 48256
   at frmMainPage.Page_Load(Object sender, EventArgs e) in D:\Applications\BiznetDiSoft\BiznetDisoft_Web\frmMainPage.aspx.vb:line 139<BR> ...PageLoad
UserNo :
UserName :shailendrasinh
User Division :
URL:http://localhost/BiznetDisoft_Web/frmMainPage.aspx?usertype=0098
Javascript: 3.0
VB Script: False
Cookies: True
Remote Address: ::1
=========================================================

Err.Date: 6/5/2018 6:16:55 PM
System.Net.WebException: The operation has timed out
   at System.Web.Services.Protocols.WebClientProtocol.GetWebResponse(WebRequest request)
   at System.Web.Services.Protocols.HttpWebClientProtocol.GetWebResponse(WebRequest request)
   at System.Web.Services.Protocols.SoapHttpClientProtocol.Invoke(String methodName, Object[] parameters)
   at WS_HelpDbTable.WS_HelpDbTable.getLocationMst(String WhereCondition_1, DataRetrievalModeEnum DataRetrieval_1, DataSet& Sql_DataSet, String& eStr_Retu) in c:\Windows\Microsoft.NET\Framework\v4.0.30319\Temporary ASP.NET Files\biznetdisoft_web\4e1ce5ce\770d7547\App_WebReferences.aw1hqyqd.3.cs:line 48256
   at frmMainPage.Page_Load(Object sender, EventArgs e) in D:\Applications\BiznetDiSoft\BiznetDisoft_Web\frmMainPage.aspx.vb:line 139<BR> ...PageLoad
UserNo :
UserName :shailendrasinh
User Division :
URL:http://localhost/BiznetDisoft_Web/frmMainPage.aspx?usertype=0098
Javascript: 3.0
VB Script: False
Cookies: True
Remote Address: ::1
=========================================================

Err.Date: 6/5/2018 6:21:55 PM
System.Net.WebException: The operation has timed out
   at System.Web.Services.Protocols.WebClientProtocol.GetWebResponse(WebRequest request)
   at System.Web.Services.Protocols.HttpWebClientProtocol.GetWebResponse(WebRequest request)
   at System.Web.Services.Protocols.SoapHttpClientProtocol.Invoke(String methodName, Object[] parameters)
   at WS_HelpDbTable.WS_HelpDbTable.getLocationMst(String WhereCondition_1, DataRetrievalModeEnum DataRetrieval_1, DataSet& Sql_DataSet, String& eStr_Retu) in c:\Windows\Microsoft.NET\Framework\v4.0.30319\Temporary ASP.NET Files\biznetdisoft_web\4e1ce5ce\770d7547\App_WebReferences.aw1hqyqd.3.cs:line 48256
   at frmMainPage.Page_Load(Object sender, EventArgs e) in D:\Applications\BiznetDiSoft\BiznetDisoft_Web\frmMainPage.aspx.vb:line 139<BR> ...PageLoad
UserNo :
UserName :shailendrasinh
User Division :
URL:http://localhost/BiznetDisoft_Web/frmMainPage.aspx?usertype=0098
Javascript: 3.0
VB Script: False
Cookies: True
Remote Address: ::1
=========================================================

Err.Date: 6/5/2018 6:26:55 PM
System.Net.WebException: The operation has timed out
   at System.Web.Services.Protocols.WebClientProtocol.GetWebResponse(WebRequest request)
   at System.Web.Services.Protocols.HttpWebClientProtocol.GetWebResponse(WebRequest request)
   at System.Web.Services.Protocols.SoapHttpClientProtocol.Invoke(String methodName, Object[] parameters)
   at WS_HelpDbTable.WS_HelpDbTable.getLocationMst(String WhereCondition_1, DataRetrievalModeEnum DataRetrieval_1, DataSet& Sql_DataSet, String& eStr_Retu) in c:\Windows\Microsoft.NET\Framework\v4.0.30319\Temporary ASP.NET Files\biznetdisoft_web\4e1ce5ce\770d7547\App_WebReferences.aw1hqyqd.3.cs:line 48256
   at frmMainPage.Page_Load(Object sender, EventArgs e) in D:\Applications\BiznetDiSoft\BiznetDisoft_Web\frmMainPage.aspx.vb:line 139<BR> ...PageLoad
UserNo :
UserName :shailendrasinh
User Division :
URL:http://localhost/BiznetDisoft_Web/frmMainPage.aspx?usertype=0098
Javascript: 3.0
VB Script: False
Cookies: True
Remote Address: ::1
=========================================================

Err.Date: 6/5/2018 6:31:56 PM
System.Net.WebException: The operation has timed out
   at System.Web.Services.Protocols.WebClientProtocol.GetWebResponse(WebRequest request)
   at System.Web.Services.Protocols.HttpWebClientProtocol.GetWebResponse(WebRequest request)
   at System.Web.Services.Protocols.SoapHttpClientProtocol.Invoke(String methodName, Object[] parameters)
   at WS_HelpDbTable.WS_HelpDbTable.getLocationMst(String WhereCondition_1, DataRetrievalModeEnum DataRetrieval_1, DataSet& Sql_DataSet, String& eStr_Retu) in c:\Windows\Microsoft.NET\Framework\v4.0.30319\Temporary ASP.NET Files\biznetdisoft_web\4e1ce5ce\770d7547\App_WebReferences.aw1hqyqd.3.cs:line 48256
   at frmMainPage.Page_Load(Object sender, EventArgs e) in D:\Applications\BiznetDiSoft\BiznetDisoft_Web\frmMainPage.aspx.vb:line 139<BR> ...PageLoad
UserNo :
UserName :shailendrasinh
User Division :
URL:http://localhost/BiznetDisoft_Web/frmMainPage.aspx?usertype=0098
Javascript: 3.0
VB Script: False
Cookies: True
Remote Address: ::1
=========================================================

Err.Date: 6/5/2018 6:36:56 PM
System.Net.WebException: The operation has timed out
   at System.Web.Services.Protocols.WebClientProtocol.GetWebResponse(WebRequest request)
   at System.Web.Services.Protocols.HttpWebClientProtocol.GetWebResponse(WebRequest request)
   at System.Web.Services.Protocols.SoapHttpClientProtocol.Invoke(String methodName, Object[] parameters)
   at WS_HelpDbTable.WS_HelpDbTable.getLocationMst(String WhereCondition_1, DataRetrievalModeEnum DataRetrieval_1, DataSet& Sql_DataSet, String& eStr_Retu) in c:\Windows\Microsoft.NET\Framework\v4.0.30319\Temporary ASP.NET Files\biznetdisoft_web\4e1ce5ce\770d7547\App_WebReferences.aw1hqyqd.3.cs:line 48256
   at frmMainPage.Page_Load(Object sender, EventArgs e) in D:\Applications\BiznetDiSoft\BiznetDisoft_Web\frmMainPage.aspx.vb:line 139<BR> ...PageLoad
UserNo :
UserName :shailendrasinh
User Division :
URL:http://localhost/BiznetDisoft_Web/frmMainPage.aspx?usertype=0098
Javascript: 3.0
VB Script: False
Cookies: True
Remote Address: ::1
=========================================================

Err.Date: 6/5/2018 6:41:56 PM
System.Net.WebException: The operation has timed out
   at System.Web.Services.Protocols.WebClientProtocol.GetWebResponse(WebRequest request)
   at System.Web.Services.Protocols.HttpWebClientProtocol.GetWebResponse(WebRequest request)
   at System.Web.Services.Protocols.SoapHttpClientProtocol.Invoke(String methodName, Object[] parameters)
   at WS_HelpDbTable.WS_HelpDbTable.getLocationMst(String WhereCondition_1, DataRetrievalModeEnum DataRetrieval_1, DataSet& Sql_DataSet, String& eStr_Retu) in c:\Windows\Microsoft.NET\Framework\v4.0.30319\Temporary ASP.NET Files\biznetdisoft_web\4e1ce5ce\770d7547\App_WebReferences.aw1hqyqd.3.cs:line 48256
   at frmMainPage.Page_Load(Object sender, EventArgs e) in D:\Applications\BiznetDiSoft\BiznetDisoft_Web\frmMainPage.aspx.vb:line 139<BR> ...PageLoad
UserNo :
UserName :shailendrasinh
User Division :
URL:http://localhost/BiznetDisoft_Web/frmMainPage.aspx?usertype=0098
Javascript: 3.0
VB Script: False
Cookies: True
Remote Address: ::1
=========================================================

Err.Date: 6/5/2018 6:46:56 PM
System.Net.WebException: The operation has timed out
   at System.Web.Services.Protocols.WebClientProtocol.GetWebResponse(WebRequest request)
   at System.Web.Services.Protocols.HttpWebClientProtocol.GetWebResponse(WebRequest request)
   at System.Web.Services.Protocols.SoapHttpClientProtocol.Invoke(String methodName, Object[] parameters)
   at WS_HelpDbTable.WS_HelpDbTable.getLocationMst(String WhereCondition_1, DataRetrievalModeEnum DataRetrieval_1, DataSet& Sql_DataSet, String& eStr_Retu) in c:\Windows\Microsoft.NET\Framework\v4.0.30319\Temporary ASP.NET Files\biznetdisoft_web\4e1ce5ce\770d7547\App_WebReferences.aw1hqyqd.3.cs:line 48256
   at frmMainPage.Page_Load(Object sender, EventArgs e) in D:\Applications\BiznetDiSoft\BiznetDisoft_Web\frmMainPage.aspx.vb:line 139<BR> ...PageLoad
UserNo :
UserName :shailendrasinh
User Division :
URL:http://localhost/BiznetDisoft_Web/frmMainPage.aspx?usertype=0098
Javascript: 3.0
VB Script: False
Cookies: True
Remote Address: ::1
=========================================================

Err.Date: 6/5/2018 6:51:56 PM
System.Net.WebException: The operation has timed out
   at System.Web.Services.Protocols.WebClientProtocol.GetWebResponse(WebRequest request)
   at System.Web.Services.Protocols.HttpWebClientProtocol.GetWebResponse(WebRequest request)
   at System.Web.Services.Protocols.SoapHttpClientProtocol.Invoke(String methodName, Object[] parameters)
   at WS_HelpDbTable.WS_HelpDbTable.getLocationMst(String WhereCondition_1, DataRetrievalModeEnum DataRetrieval_1, DataSet& Sql_DataSet, String& eStr_Retu) in c:\Windows\Microsoft.NET\Framework\v4.0.30319\Temporary ASP.NET Files\biznetdisoft_web\4e1ce5ce\770d7547\App_WebReferences.aw1hqyqd.3.cs:line 48256
   at frmMainPage.Page_Load(Object sender, EventArgs e) in D:\Applications\BiznetDiSoft\BiznetDisoft_Web\frmMainPage.aspx.vb:line 139<BR> ...PageLoad
UserNo :
UserName :shailendrasinh
User Division :
URL:http://localhost/BiznetDisoft_Web/frmMainPage.aspx?usertype=0098
Javascript: 3.0
VB Script: False
Cookies: True
Remote Address: ::1
=========================================================

Err.Date: 6/5/2018 6:56:56 PM
System.Net.WebException: The operation has timed out
   at System.Web.Services.Protocols.WebClientProtocol.GetWebResponse(WebRequest request)
   at System.Web.Services.Protocols.HttpWebClientProtocol.GetWebResponse(WebRequest request)
   at System.Web.Services.Protocols.SoapHttpClientProtocol.Invoke(String methodName, Object[] parameters)
   at WS_HelpDbTable.WS_HelpDbTable.getLocationMst(String WhereCondition_1, DataRetrievalModeEnum DataRetrieval_1, DataSet& Sql_DataSet, String& eStr_Retu) in c:\Windows\Microsoft.NET\Framework\v4.0.30319\Temporary ASP.NET Files\biznetdisoft_web\4e1ce5ce\770d7547\App_WebReferences.aw1hqyqd.3.cs:line 48256
   at frmMainPage.Page_Load(Object sender, EventArgs e) in D:\Applications\BiznetDiSoft\BiznetDisoft_Web\frmMainPage.aspx.vb:line 139<BR> ...PageLoad
UserNo :
UserName :shailendrasinh
User Division :
URL:http://localhost/BiznetDisoft_Web/frmMainPage.aspx?usertype=0098
Javascript: 3.0
VB Script: False
Cookies: True
Remote Address: ::1
=========================================================

Err.Date: 6/5/2018 7:01:56 PM
System.Net.WebException: The operation has timed out
   at System.Web.Services.Protocols.WebClientProtocol.GetWebResponse(WebRequest request)
   at System.Web.Services.Protocols.HttpWebClientProtocol.GetWebResponse(WebRequest request)
   at System.Web.Services.Protocols.SoapHttpClientProtocol.Invoke(String methodName, Object[] parameters)
   at WS_HelpDbTable.WS_HelpDbTable.getLocationMst(String WhereCondition_1, DataRetrievalModeEnum DataRetrieval_1, DataSet& Sql_DataSet, String& eStr_Retu) in c:\Windows\Microsoft.NET\Framework\v4.0.30319\Temporary ASP.NET Files\biznetdisoft_web\4e1ce5ce\770d7547\App_WebReferences.aw1hqyqd.3.cs:line 48256
   at frmMainPage.Page_Load(Object sender, EventArgs e) in D:\Applications\BiznetDiSoft\BiznetDisoft_Web\frmMainPage.aspx.vb:line 139<BR> ...PageLoad
UserNo :
UserName :shailendrasinh
User Division :
URL:http://localhost/BiznetDisoft_Web/frmMainPage.aspx?usertype=0098
Javascript: 3.0
VB Script: False
Cookies: True
Remote Address: ::1
=========================================================

Err.Date: 6/5/2018 7:06:56 PM
System.Net.WebException: The operation has timed out
   at System.Web.Services.Protocols.WebClientProtocol.GetWebResponse(WebRequest request)
   at System.Web.Services.Protocols.HttpWebClientProtocol.GetWebResponse(WebRequest request)
   at System.Web.Services.Protocols.SoapHttpClientProtocol.Invoke(String methodName, Object[] parameters)
   at WS_HelpDbTable.WS_HelpDbTable.getLocationMst(String WhereCondition_1, DataRetrievalModeEnum DataRetrieval_1, DataSet& Sql_DataSet, String& eStr_Retu) in c:\Windows\Microsoft.NET\Framework\v4.0.30319\Temporary ASP.NET Files\biznetdisoft_web\4e1ce5ce\770d7547\App_WebReferences.aw1hqyqd.3.cs:line 48256
   at frmMainPage.Page_Load(Object sender, EventArgs e) in D:\Applications\BiznetDiSoft\BiznetDisoft_Web\frmMainPage.aspx.vb:line 139<BR> ...PageLoad
UserNo :
UserName :shailendrasinh
User Division :
URL:http://localhost/BiznetDisoft_Web/frmMainPage.aspx?usertype=0098
Javascript: 3.0
VB Script: False
Cookies: True
Remote Address: ::1
=========================================================

