Err.Date: 7/25/2016 6:28:48 PM
Problem While Filling Periods. <BR> Conversion from type 'DBNull' to type 'Integer' is not valid.
UserNo :
UserName :CPMAAdmin
User Division :
URL:http://localhost/BizNETCTM_WEB/frmCRFActivityStatusReport.aspx
Javascript: 3.0
VB Script: False
Cookies: True
Remote Address: ::1
=========================================================

Err.Date: 7/25/2016 6:28:48 PM
Conversion from type 'DBNull' to type 'Integer' is not valid.<BR> .............btnSetProject_Click
UserNo :
UserName :CPMAAdmin
User Division :
URL:http://localhost/BizNETCTM_WEB/frmCRFActivityStatusReport.aspx
Javascript: 3.0
VB Script: False
Cookies: True
Remote Address: ::1
=========================================================

Err.Date: 7/25/2016 6:34:00 PM
Problem While Filling Periods. <BR> Conversion from type 'DBNull' to type 'Integer' is not valid.
UserNo :
UserName :CPMAAdmin
User Division :
URL:http://localhost/BizNETCTM_WEB/frmCRFActivityStatusReport.aspx
Javascript: 3.0
VB Script: False
Cookies: True
Remote Address: ::1
=========================================================

Err.Date: 7/25/2016 6:34:43 PM
Problem While Filling Periods. <BR> Conversion from type 'DBNull' to type 'Integer' is not valid.
UserNo :
UserName :CPMAAdmin
User Division :
URL:http://localhost/BizNETCTM_WEB/frmCRFActivityStatusReport.aspx
Javascript: 3.0
VB Script: False
Cookies: True
Remote Address: ::1
=========================================================

Err.Date: 7/25/2016 6:34:43 PM
Conversion from type 'DBNull' to type 'Integer' is not valid.<BR> .............btnSetProject_Click
UserNo :
UserName :CPMAAdmin
User Division :
URL:http://localhost/BizNETCTM_WEB/frmCRFActivityStatusReport.aspx
Javascript: 3.0
VB Script: False
Cookies: True
Remote Address: ::1
=========================================================

