Err.Date: 8/19/2016 10:31:57 AM
...........DownloadZip<BR> Thread was being aborted.
UserNo :
UserName :ronakmevada
User Division :
URL:http://localhost/BizNETCTM_Web/frmcrfprint_New.aspx?UserId=5187
Javascript: 3.0
VB Script: False
Cookies: True
Remote Address: ::1
=========================================================

Err.Date: 8/19/2016 10:31:57 AM
Thread was being aborted.<BR> ............BtnGeneratePdf_Click
UserNo :
UserName :ronakmevada
User Division :
URL:http://localhost/BizNETCTM_Web/frmcrfprint_New.aspx?UserId=5187
Javascript: 3.0
VB Script: False
Cookies: True
Remote Address: ::1
=========================================================

Err.Date: 8/19/2016 10:31:57 AM
Error While btnGo_Click. <BR> Thread was being aborted.
UserNo :
UserName :ronakmevada
User Division :
URL:http://localhost/BizNETCTM_Web/frmcrfprint_New.aspx?UserId=5187
Javascript: 3.0
VB Script: False
Cookies: True
Remote Address: ::1
=========================================================

Err.Date: 8/19/2016 11:01:21 AM
...........DownloadZip<BR> Thread was being aborted.
UserNo :
UserName :ronakmevada
User Division :
URL:http://localhost/BizNETCTM_Web/frmcrfprint_New.aspx?UserId=5187
Javascript: 3.0
VB Script: False
Cookies: True
Remote Address: ::1
=========================================================

Err.Date: 8/19/2016 11:01:21 AM
Thread was being aborted.<BR> ............BtnGeneratePdf_Click
UserNo :
UserName :ronakmevada
User Division :
URL:http://localhost/BizNETCTM_Web/frmcrfprint_New.aspx?UserId=5187
Javascript: 3.0
VB Script: False
Cookies: True
Remote Address: ::1
=========================================================

Err.Date: 8/19/2016 11:01:21 AM
Error While btnGo_Click. <BR> Thread was being aborted.
UserNo :
UserName :ronakmevada
User Division :
URL:http://localhost/BizNETCTM_Web/frmcrfprint_New.aspx?UserId=5187
Javascript: 3.0
VB Script: False
Cookies: True
Remote Address: ::1
=========================================================

Err.Date: 8/19/2016 11:12:11 AM
...........DownloadZip<BR> Thread was being aborted.
UserNo :
UserName :ronakmevada
User Division :
URL:http://localhost/BizNETCTM_Web/frmcrfprint_New.aspx?UserId=5187
Javascript: 3.0
VB Script: False
Cookies: True
Remote Address: ::1
=========================================================

Err.Date: 8/19/2016 11:12:11 AM
Thread was being aborted.<BR> ............BtnGeneratePdf_Click
UserNo :
UserName :ronakmevada
User Division :
URL:http://localhost/BizNETCTM_Web/frmcrfprint_New.aspx?UserId=5187
Javascript: 3.0
VB Script: False
Cookies: True
Remote Address: ::1
=========================================================

Err.Date: 8/19/2016 11:12:11 AM
Error While btnGo_Click. <BR> Thread was being aborted.
UserNo :
UserName :ronakmevada
User Division :
URL:http://localhost/BizNETCTM_Web/frmcrfprint_New.aspx?UserId=5187
Javascript: 3.0
VB Script: False
Cookies: True
Remote Address: ::1
=========================================================

Err.Date: 8/19/2016 11:17:29 AM
...........DownloadZip<BR> Thread was being aborted.
UserNo :
UserName :ronakmevada
User Division :
URL:http://localhost/BizNETCTM_Web/frmcrfprint_New.aspx?UserId=5187
Javascript: 3.0
VB Script: False
Cookies: True
Remote Address: ::1
=========================================================

Err.Date: 8/19/2016 11:17:29 AM
Thread was being aborted.<BR> ............BtnGeneratePdf_Click
UserNo :
UserName :ronakmevada
User Division :
URL:http://localhost/BizNETCTM_Web/frmcrfprint_New.aspx?UserId=5187
Javascript: 3.0
VB Script: False
Cookies: True
Remote Address: ::1
=========================================================

Err.Date: 8/19/2016 11:17:29 AM
Error While btnGo_Click. <BR> Thread was being aborted.
UserNo :
UserName :ronakmevada
User Division :
URL:http://localhost/BizNETCTM_Web/frmcrfprint_New.aspx?UserId=5187
Javascript: 3.0
VB Script: False
Cookies: True
Remote Address: ::1
=========================================================

Err.Date: 8/19/2016 11:26:16 AM
...........DownloadZip<BR> Thread was being aborted.
UserNo :
UserName :ronakmevada
User Division :
URL:http://localhost/BizNETCTM_Web/frmcrfprint_New.aspx?UserId=5187
Javascript: 3.0
VB Script: False
Cookies: True
Remote Address: ::1
=========================================================

Err.Date: 8/19/2016 11:26:16 AM
Thread was being aborted.<BR> ............BtnGeneratePdf_Click
UserNo :
UserName :ronakmevada
User Division :
URL:http://localhost/BizNETCTM_Web/frmcrfprint_New.aspx?UserId=5187
Javascript: 3.0
VB Script: False
Cookies: True
Remote Address: ::1
=========================================================

Err.Date: 8/19/2016 11:26:16 AM
Error While btnGo_Click. <BR> Thread was being aborted.
UserNo :
UserName :ronakmevada
User Division :
URL:http://localhost/BizNETCTM_Web/frmcrfprint_New.aspx?UserId=5187
Javascript: 3.0
VB Script: False
Cookies: True
Remote Address: ::1
=========================================================

Err.Date: 8/19/2016 11:48:04 AM
...........DownloadZip<BR> Thread was being aborted.
UserNo :
UserName :ronakmevada
User Division :
URL:http://localhost/BizNETCTM_Web/frmcrfprint_New.aspx?UserId=5187
Javascript: 3.0
VB Script: False
Cookies: True
Remote Address: ::1
=========================================================

Err.Date: 8/19/2016 11:48:04 AM
Thread was being aborted.<BR> ............BtnGeneratePdf_Click
UserNo :
UserName :ronakmevada
User Division :
URL:http://localhost/BizNETCTM_Web/frmcrfprint_New.aspx?UserId=5187
Javascript: 3.0
VB Script: False
Cookies: True
Remote Address: ::1
=========================================================

Err.Date: 8/19/2016 11:48:04 AM
Error While btnGo_Click. <BR> Thread was being aborted.
UserNo :
UserName :ronakmevada
User Division :
URL:http://localhost/BizNETCTM_Web/frmcrfprint_New.aspx?UserId=5187
Javascript: 3.0
VB Script: False
Cookies: True
Remote Address: ::1
=========================================================

Err.Date: 8/19/2016 11:59:32 AM
...........DownloadZip<BR> Thread was being aborted.
UserNo :
UserName :ronakmevada
User Division :
URL:http://localhost/BizNETCTM_Web/frmcrfprint_New.aspx?UserId=5187
Javascript: 3.0
VB Script: False
Cookies: True
Remote Address: ::1
=========================================================

Err.Date: 8/19/2016 11:59:32 AM
Thread was being aborted.<BR> ............BtnGeneratePdf_Click
UserNo :
UserName :ronakmevada
User Division :
URL:http://localhost/BizNETCTM_Web/frmcrfprint_New.aspx?UserId=5187
Javascript: 3.0
VB Script: False
Cookies: True
Remote Address: ::1
=========================================================

Err.Date: 8/19/2016 11:59:32 AM
Error While btnGo_Click. <BR> Thread was being aborted.
UserNo :
UserName :ronakmevada
User Division :
URL:http://localhost/BizNETCTM_Web/frmcrfprint_New.aspx?UserId=5187
Javascript: 3.0
VB Script: False
Cookies: True
Remote Address: ::1
=========================================================

Err.Date: 8/19/2016 12:10:39 PM
...........DownloadZip<BR> Thread was being aborted.
UserNo :
UserName :ronakmevada
User Division :
URL:http://localhost/BizNETCTM_Web/frmcrfprint_New.aspx?UserId=5187
Javascript: 3.0
VB Script: False
Cookies: True
Remote Address: ::1
=========================================================

Err.Date: 8/19/2016 12:10:39 PM
Thread was being aborted.<BR> ............BtnGeneratePdf_Click
UserNo :
UserName :ronakmevada
User Division :
URL:http://localhost/BizNETCTM_Web/frmcrfprint_New.aspx?UserId=5187
Javascript: 3.0
VB Script: False
Cookies: True
Remote Address: ::1
=========================================================

Err.Date: 8/19/2016 12:10:39 PM
Error While btnGo_Click. <BR> Thread was being aborted.
UserNo :
UserName :ronakmevada
User Division :
URL:http://localhost/BizNETCTM_Web/frmcrfprint_New.aspx?UserId=5187
Javascript: 3.0
VB Script: False
Cookies: True
Remote Address: ::1
=========================================================

Err.Date: 8/19/2016 12:18:11 PM
The process cannot access the file 'D:\BizNET\BizNETCTM\BizNETCTM_WEB\SubjectReports\RptMerge\0000009029\636072057673401059\RptMerge\02.pdf' because it is being used by another process.<BR> ....MergePdf
UserNo :
UserName :ronakmevada
User Division :
URL:http://localhost/BizNETCTM_Web/frmcrfprint_New.aspx?UserId=5187
Javascript: 3.0
VB Script: False
Cookies: True
Remote Address: ::1
=========================================================

Err.Date: 8/19/2016 12:39:43 PM
Column 'vSubjectIdForLab' does not belong to underlying table 'VIEW_WORKSPACESUBJECTMST'.<BR> ............BtnGeneratePdf_Click
UserNo :
UserName :vijayacharya
User Division :
URL:http://localhost/BizNETCTM_Web/frmcrfprint_New.aspx?UserId=993
Javascript: 3.0
VB Script: False
Cookies: True
Remote Address: ::1
=========================================================

Err.Date: 8/19/2016 12:45:15 PM
...........DownloadZip<BR> Thread was being aborted.
UserNo :
UserName :vijayacharya
User Division :
URL:http://localhost/BizNETCTM_Web/frmcrfprint_New.aspx?UserId=993
Javascript: 3.0
VB Script: False
Cookies: True
Remote Address: ::1
=========================================================

Err.Date: 8/19/2016 12:45:15 PM
Thread was being aborted.<BR> ............BtnGeneratePdf_Click
UserNo :
UserName :vijayacharya
User Division :
URL:http://localhost/BizNETCTM_Web/frmcrfprint_New.aspx?UserId=993
Javascript: 3.0
VB Script: False
Cookies: True
Remote Address: ::1
=========================================================

Err.Date: 8/19/2016 12:45:15 PM
Error While btnGo_Click. <BR> Thread was being aborted.
UserNo :
UserName :vijayacharya
User Division :
URL:http://localhost/BizNETCTM_Web/frmcrfprint_New.aspx?UserId=993
Javascript: 3.0
VB Script: False
Cookies: True
Remote Address: ::1
=========================================================

Err.Date: 8/19/2016 12:59:59 PM
...........DownloadZip<BR> Thread was being aborted.
UserNo :
UserName :vijayacharya
User Division :
URL:http://localhost/BizNETCTM_Web/frmcrfprint_New.aspx?UserId=993
Javascript: 3.0
VB Script: False
Cookies: True
Remote Address: ::1
=========================================================

Err.Date: 8/19/2016 12:59:59 PM
Thread was being aborted.<BR> ............BtnGeneratePdf_Click
UserNo :
UserName :vijayacharya
User Division :
URL:http://localhost/BizNETCTM_Web/frmcrfprint_New.aspx?UserId=993
Javascript: 3.0
VB Script: False
Cookies: True
Remote Address: ::1
=========================================================

Err.Date: 8/19/2016 12:59:59 PM
Error While btnGo_Click. <BR> Thread was being aborted.
UserNo :
UserName :vijayacharya
User Division :
URL:http://localhost/BizNETCTM_Web/frmcrfprint_New.aspx?UserId=993
Javascript: 3.0
VB Script: False
Cookies: True
Remote Address: ::1
=========================================================

Err.Date: 8/19/2016 1:08:53 PM
...........DownloadZip<BR> Thread was being aborted.
UserNo :
UserName :vijayacharya
User Division :
URL:http://localhost/BizNETCTM_Web/frmcrfprint_New.aspx?UserId=993
Javascript: 3.0
VB Script: False
Cookies: True
Remote Address: ::1
=========================================================

Err.Date: 8/19/2016 1:08:53 PM
Thread was being aborted.<BR> ............BtnGeneratePdf_Click
UserNo :
UserName :vijayacharya
User Division :
URL:http://localhost/BizNETCTM_Web/frmcrfprint_New.aspx?UserId=993
Javascript: 3.0
VB Script: False
Cookies: True
Remote Address: ::1
=========================================================

Err.Date: 8/19/2016 1:08:53 PM
Error While btnGo_Click. <BR> Thread was being aborted.
UserNo :
UserName :vijayacharya
User Division :
URL:http://localhost/BizNETCTM_Web/frmcrfprint_New.aspx?UserId=993
Javascript: 3.0
VB Script: False
Cookies: True
Remote Address: ::1
=========================================================

Err.Date: 8/19/2016 1:58:10 PM
...........DownloadZip<BR> Thread was being aborted.
UserNo :
UserName :vijayacharya
User Division :
URL:http://localhost/BizNETCTM_Web/frmcrfprint_New.aspx?UserId=993
Javascript: 3.0
VB Script: False
Cookies: True
Remote Address: ::1
=========================================================

Err.Date: 8/19/2016 1:58:10 PM
Thread was being aborted.<BR> ............BtnGeneratePdf_Click
UserNo :
UserName :vijayacharya
User Division :
URL:http://localhost/BizNETCTM_Web/frmcrfprint_New.aspx?UserId=993
Javascript: 3.0
VB Script: False
Cookies: True
Remote Address: ::1
=========================================================

Err.Date: 8/19/2016 1:58:10 PM
Error While btnGo_Click. <BR> Thread was being aborted.
UserNo :
UserName :vijayacharya
User Division :
URL:http://localhost/BizNETCTM_Web/frmcrfprint_New.aspx?UserId=993
Javascript: 3.0
VB Script: False
Cookies: True
Remote Address: ::1
=========================================================

Err.Date: 8/19/2016 2:02:50 PM
...........DownloadZip<BR> Thread was being aborted.
UserNo :
UserName :vijayacharya
User Division :
URL:http://localhost/BizNETCTM_Web/frmcrfprint_New.aspx?UserId=993
Javascript: 3.0
VB Script: False
Cookies: True
Remote Address: ::1
=========================================================

Err.Date: 8/19/2016 2:02:51 PM
Thread was being aborted.<BR> ............BtnGeneratePdf_Click
UserNo :
UserName :vijayacharya
User Division :
URL:http://localhost/BizNETCTM_Web/frmcrfprint_New.aspx?UserId=993
Javascript: 3.0
VB Script: False
Cookies: True
Remote Address: ::1
=========================================================

Err.Date: 8/19/2016 2:02:51 PM
Error While btnGo_Click. <BR> Thread was being aborted.
UserNo :
UserName :vijayacharya
User Division :
URL:http://localhost/BizNETCTM_Web/frmcrfprint_New.aspx?UserId=993
Javascript: 3.0
VB Script: False
Cookies: True
Remote Address: ::1
=========================================================

Err.Date: 8/19/2016 2:04:42 PM
...........DownloadZip<BR> Thread was being aborted.
UserNo :
UserName :vijayacharya
User Division :
URL:http://localhost/BizNETCTM_Web/frmcrfprint_New.aspx?UserId=993
Javascript: 3.0
VB Script: False
Cookies: True
Remote Address: ::1
=========================================================

Err.Date: 8/19/2016 2:04:42 PM
Thread was being aborted.<BR> ............BtnGeneratePdf_Click
UserNo :
UserName :vijayacharya
User Division :
URL:http://localhost/BizNETCTM_Web/frmcrfprint_New.aspx?UserId=993
Javascript: 3.0
VB Script: False
Cookies: True
Remote Address: ::1
=========================================================

Err.Date: 8/19/2016 2:04:42 PM
Error While btnGo_Click. <BR> Thread was being aborted.
UserNo :
UserName :vijayacharya
User Division :
URL:http://localhost/BizNETCTM_Web/frmcrfprint_New.aspx?UserId=993
Javascript: 3.0
VB Script: False
Cookies: True
Remote Address: ::1
=========================================================

Err.Date: 8/19/2016 2:21:48 PM
...........DownloadZip<BR> Thread was being aborted.
UserNo :
UserName :vijayacharya
User Division :
URL:http://localhost/BizNETCTM_Web/frmcrfprint_New.aspx?UserId=993
Javascript: 3.0
VB Script: False
Cookies: True
Remote Address: ::1
=========================================================

Err.Date: 8/19/2016 2:21:48 PM
Thread was being aborted.<BR> ............BtnGeneratePdf_Click
UserNo :
UserName :vijayacharya
User Division :
URL:http://localhost/BizNETCTM_Web/frmcrfprint_New.aspx?UserId=993
Javascript: 3.0
VB Script: False
Cookies: True
Remote Address: ::1
=========================================================

Err.Date: 8/19/2016 2:21:48 PM
Error While btnGo_Click. <BR> Thread was being aborted.
UserNo :
UserName :vijayacharya
User Division :
URL:http://localhost/BizNETCTM_Web/frmcrfprint_New.aspx?UserId=993
Javascript: 3.0
VB Script: False
Cookies: True
Remote Address: ::1
=========================================================

