Err.Date: 2/19/2018 3:54:13 PM
Object reference not set to an instance of an object.<BR> ...GenCall
UserNo :
UserName :
User Division :
URL:http://localhost/BizNETCTM_WEB/frmActivityOperationMatrix.aspx
Javascript: 3.0
VB Script: False
Cookies: True
Remote Address: ::1
=========================================================

Err.Date: 2/19/2018 3:58:57 PM
Object reference not set to an instance of an object.<BR> ...GenCall_ShowUI
UserNo :
UserName :jitendravpatel
User Division :
URL:http://localhost/BizNETCTM_WEB/frmAttributeMst.aspx?mode=1
Javascript: 3.0
VB Script: False
Cookies: True
Remote Address: ::1
=========================================================

Err.Date: 2/19/2018 4:08:07 PM
Object reference not set to an instance of an object.<BR> ...GenCall_ShowUI
UserNo :
UserName :jitendravpatel
User Division :
URL:http://localhost/BizNETCTM_WEB/frmAttributeMst.aspx?mode=1
Javascript: 3.0
VB Script: False
Cookies: True
Remote Address: ::1
=========================================================

Err.Date: 2/19/2018 4:11:58 PM
Object reference not set to an instance of an object.<BR> ...GenCall_ShowUI
UserNo :
UserName :jitendravpatel
User Division :
URL:http://localhost/BizNETCTM_WEB/frmAttributeMst.aspx?mode=1
Javascript: 3.0
VB Script: False
Cookies: True
Remote Address: ::1
=========================================================

Err.Date: 2/19/2018 4:16:43 PM
Object reference not set to an instance of an object.<BR> ...GenCall_ShowUI
UserNo :
UserName :jitendravpatel
User Division :
URL:http://localhost/BizNETCTM_WEB/frmAttributeMst.aspx?mode=1
Javascript: 3.0
VB Script: False
Cookies: True
Remote Address: ::1
=========================================================

