Err.Date: 3/15/2018 3:05:52 PM
Error While Binding Grid<BR> ....FillGrid
UserNo :
UserName :vvk
User Division :
URL:http://localhost/BizNETCTM_WEB/frmMedExDependency.aspx
Javascript: 3.0
VB Script: False
Cookies: True
Remote Address: ::1
=========================================================

Err.Date: 3/15/2018 3:07:02 PM
Error While Binding Grid<BR> ....FillGrid
UserNo :
UserName :vvk
User Division :
URL:http://localhost/BizNETCTM_WEB/frmMedExDependency.aspx
Javascript: 3.0
VB Script: False
Cookies: True
Remote Address: ::1
=========================================================

Err.Date: 3/15/2018 3:09:51 PM
Error While Binding Grid<BR> ....FillGrid
UserNo :
UserName :vvk
User Division :
URL:http://localhost/BizNETCTM_WEB/frmMedExDependency.aspx
Javascript: 3.0
VB Script: False
Cookies: True
Remote Address: ::1
=========================================================

