Err.Date: 1/12/2018 2:41:20 PM
The operation has timed out<BR> ..........BtnSaveSubjectMst_Click
UserNo :
UserName :shailendrasinh
User Division :
URL:http://localhost/BizNETCTM_WEB/frmSubjectSelectionforVisit.aspx
Javascript: 3.0
VB Script: False
Cookies: True
Remote Address: ::1
=========================================================

Err.Date: 1/12/2018 2:43:40 PM
The operation has timed out<BR> ..........BtnSaveSubjectMst_Click
UserNo :
UserName :shailendrasinh
User Division :
URL:http://localhost/BizNETCTM_WEB/frmSubjectSelectionforVisit.aspx
Javascript: 3.0
VB Script: False
Cookies: True
Remote Address: ::1
=========================================================

