Err.Date: 3/10/2023 1:49:30 PM
Object reference not set to an instance of an object.<BR> .....FillVisiteviewStatusGrid
UserNo :
UserName :vishal
User Division :
URL:http://90.0.1.162/BiznetDISoft_WEB_2_0_0/frmMainPage.aspx?usertype=0127
Javascript: 3.0
VB Script: False
Cookies: True
Remote Address: 90.0.1.162
=========================================================

Err.Date: 3/10/2023 1:50:06 PM
Object reference not set to an instance of an object.<BR> .....FillAdjucatorviewStatusGrid
UserNo :
UserName :vishal
User Division :
URL:http://90.0.1.162/BiznetDISoft_WEB_2_0_0/frmMainPage.aspx?usertype=0127
Javascript: 3.0
VB Script: False
Cookies: True
Remote Address: 90.0.1.162
=========================================================

