Err.Date: 8/17/2016 11:31:51 AM
Thread was being aborted.Error While Print Detail<BR> 
UserNo :
UserName :shailendrasinh
User Division :
URL:http://localhost/BizNETCTM_WEB/frmVisitSchedulerReport.aspx
Javascript: 3.0
VB Script: False
Cookies: True
Remote Address: ::1
=========================================================

Err.Date: 8/17/2016 11:31:51 AM
Thread was being aborted.<BR> 
UserNo :
UserName :shailendrasinh
User Division :
URL:http://localhost/BizNETCTM_WEB/frmVisitSchedulerReport.aspx
Javascript: 3.0
VB Script: False
Cookies: True
Remote Address: ::1
=========================================================

Err.Date: 8/17/2016 11:32:23 AM
Thread was being aborted.Error While Print Detail<BR> 
UserNo :
UserName :shailendrasinh
User Division :
URL:http://localhost/BizNETCTM_WEB/frmVisitSchedulerReport.aspx
Javascript: 3.0
VB Script: False
Cookies: True
Remote Address: ::1
=========================================================

Err.Date: 8/17/2016 11:32:23 AM
Thread was being aborted.<BR> 
UserNo :
UserName :shailendrasinh
User Division :
URL:http://localhost/BizNETCTM_WEB/frmVisitSchedulerReport.aspx
Javascript: 3.0
VB Script: False
Cookies: True
Remote Address: ::1
=========================================================

Err.Date: 8/17/2016 11:32:49 AM
Thread was being aborted.Error While Print Detail<BR> 
UserNo :
UserName :shailendrasinh
User Division :
URL:http://localhost/BizNETCTM_WEB/frmVisitSchedulerReport.aspx
Javascript: 3.0
VB Script: False
Cookies: True
Remote Address: ::1
=========================================================

Err.Date: 8/17/2016 11:32:49 AM
Thread was being aborted.<BR> 
UserNo :
UserName :shailendrasinh
User Division :
URL:http://localhost/BizNETCTM_WEB/frmVisitSchedulerReport.aspx
Javascript: 3.0
VB Script: False
Cookies: True
Remote Address: ::1
=========================================================

Err.Date: 8/17/2016 6:35:43 PM
...........DownloadZip<BR> Thread was being aborted.
UserNo :
UserName :vijayacharya
User Division :
URL:http://localhost/BizNETCTM_Web/frmcrfprint_New.aspx?UserId=993
Javascript: 3.0
VB Script: False
Cookies: True
Remote Address: ::1
=========================================================

Err.Date: 8/17/2016 6:35:43 PM
Thread was being aborted.<BR> ............BtnGeneratePdf_Click
UserNo :
UserName :vijayacharya
User Division :
URL:http://localhost/BizNETCTM_Web/frmcrfprint_New.aspx?UserId=993
Javascript: 3.0
VB Script: False
Cookies: True
Remote Address: ::1
=========================================================

Err.Date: 8/17/2016 6:35:43 PM
Error While btnGo_Click. <BR> Thread was being aborted.
UserNo :
UserName :vijayacharya
User Division :
URL:http://localhost/BizNETCTM_Web/frmcrfprint_New.aspx?UserId=993
Javascript: 3.0
VB Script: False
Cookies: True
Remote Address: ::1
=========================================================

Err.Date: 8/17/2016 6:51:06 PM
...........DownloadZip<BR> Thread was being aborted.
UserNo :
UserName :vijayacharya
User Division :
URL:http://localhost/BizNETCTM_Web/frmcrfprint_New.aspx?UserId=993
Javascript: 3.0
VB Script: False
Cookies: True
Remote Address: ::1
=========================================================

Err.Date: 8/17/2016 6:51:06 PM
Thread was being aborted.<BR> ............BtnGeneratePdf_Click
UserNo :
UserName :vijayacharya
User Division :
URL:http://localhost/BizNETCTM_Web/frmcrfprint_New.aspx?UserId=993
Javascript: 3.0
VB Script: False
Cookies: True
Remote Address: ::1
=========================================================

Err.Date: 8/17/2016 6:51:06 PM
Error While btnGo_Click. <BR> Thread was being aborted.
UserNo :
UserName :vijayacharya
User Division :
URL:http://localhost/BizNETCTM_Web/frmcrfprint_New.aspx?UserId=993
Javascript: 3.0
VB Script: False
Cookies: True
Remote Address: ::1
=========================================================

Err.Date: 8/17/2016 6:55:09 PM
...........DownloadZip<BR> Thread was being aborted.
UserNo :
UserName :vijayacharya
User Division :
URL:http://localhost/BizNETCTM_Web/frmcrfprint_New.aspx?UserId=993
Javascript: 3.0
VB Script: False
Cookies: True
Remote Address: ::1
=========================================================

Err.Date: 8/17/2016 6:55:09 PM
Thread was being aborted.<BR> ............BtnGeneratePdf_Click
UserNo :
UserName :vijayacharya
User Division :
URL:http://localhost/BizNETCTM_Web/frmcrfprint_New.aspx?UserId=993
Javascript: 3.0
VB Script: False
Cookies: True
Remote Address: ::1
=========================================================

Err.Date: 8/17/2016 6:55:10 PM
Error While btnGo_Click. <BR> Thread was being aborted.
UserNo :
UserName :vijayacharya
User Division :
URL:http://localhost/BizNETCTM_Web/frmcrfprint_New.aspx?UserId=993
Javascript: 3.0
VB Script: False
Cookies: True
Remote Address: ::1
=========================================================

Err.Date: 8/17/2016 7:10:00 PM
...........DownloadZip<BR> Thread was being aborted.
UserNo :
UserName :vijayacharya
User Division :
URL:http://localhost/BizNETCTM_Web/frmcrfprint_New.aspx?UserId=993
Javascript: 3.0
VB Script: False
Cookies: True
Remote Address: ::1
=========================================================

Err.Date: 8/17/2016 7:10:00 PM
Thread was being aborted.<BR> ............BtnGeneratePdf_Click
UserNo :
UserName :vijayacharya
User Division :
URL:http://localhost/BizNETCTM_Web/frmcrfprint_New.aspx?UserId=993
Javascript: 3.0
VB Script: False
Cookies: True
Remote Address: ::1
=========================================================

Err.Date: 8/17/2016 7:10:00 PM
Error While btnGo_Click. <BR> Thread was being aborted.
UserNo :
UserName :vijayacharya
User Division :
URL:http://localhost/BizNETCTM_Web/frmcrfprint_New.aspx?UserId=993
Javascript: 3.0
VB Script: False
Cookies: True
Remote Address: ::1
=========================================================

Err.Date: 8/17/2016 7:20:01 PM
...........DownloadZip<BR> Thread was being aborted.
UserNo :
UserName :vijayacharya
User Division :
URL:http://localhost/BizNETCTM_Web/frmcrfprint_New.aspx?UserId=993
Javascript: 3.0
VB Script: False
Cookies: True
Remote Address: ::1
=========================================================

Err.Date: 8/17/2016 7:20:01 PM
Thread was being aborted.<BR> ............BtnGeneratePdf_Click
UserNo :
UserName :vijayacharya
User Division :
URL:http://localhost/BizNETCTM_Web/frmcrfprint_New.aspx?UserId=993
Javascript: 3.0
VB Script: False
Cookies: True
Remote Address: ::1
=========================================================

Err.Date: 8/17/2016 7:20:01 PM
Error While btnGo_Click. <BR> Thread was being aborted.
UserNo :
UserName :vijayacharya
User Division :
URL:http://localhost/BizNETCTM_Web/frmcrfprint_New.aspx?UserId=993
Javascript: 3.0
VB Script: False
Cookies: True
Remote Address: ::1
=========================================================

Err.Date: 8/17/2016 7:26:01 PM
...........DownloadZip<BR> Thread was being aborted.
UserNo :
UserName :vijayacharya
User Division :
URL:http://localhost/BizNETCTM_Web/frmcrfprint_New.aspx?UserId=993
Javascript: 3.0
VB Script: False
Cookies: True
Remote Address: ::1
=========================================================

Err.Date: 8/17/2016 7:26:01 PM
Thread was being aborted.<BR> ............BtnGeneratePdf_Click
UserNo :
UserName :vijayacharya
User Division :
URL:http://localhost/BizNETCTM_Web/frmcrfprint_New.aspx?UserId=993
Javascript: 3.0
VB Script: False
Cookies: True
Remote Address: ::1
=========================================================

Err.Date: 8/17/2016 7:26:01 PM
Error While btnGo_Click. <BR> Thread was being aborted.
UserNo :
UserName :vijayacharya
User Division :
URL:http://localhost/BizNETCTM_Web/frmcrfprint_New.aspx?UserId=993
Javascript: 3.0
VB Script: False
Cookies: True
Remote Address: ::1
=========================================================

