Err.Date: 7/12/2016 3:15:01 PM
...........DownloadZip<BR> Thread was being aborted.
UserNo :
UserName :shailendrasinh
User Division :
URL:http://localhost/BizNETCTM_Web/frmcrfprint_New.aspx?UserId=3368
Javascript: 3.0
VB Script: False
Cookies: True
Remote Address: ::1
=========================================================

Err.Date: 7/12/2016 3:15:01 PM
Thread was being aborted.<BR> ............BtnGeneratePdf_Click
UserNo :
UserName :shailendrasinh
User Division :
URL:http://localhost/BizNETCTM_Web/frmcrfprint_New.aspx?UserId=3368
Javascript: 3.0
VB Script: False
Cookies: True
Remote Address: ::1
=========================================================

Err.Date: 7/12/2016 3:15:01 PM
Error While btnGo_Click. <BR> Thread was being aborted.
UserNo :
UserName :shailendrasinh
User Division :
URL:http://localhost/BizNETCTM_Web/frmcrfprint_New.aspx?UserId=3368
Javascript: 3.0
VB Script: False
Cookies: True
Remote Address: ::1
=========================================================

Err.Date: 7/12/2016 3:28:35 PM
...........DownloadZip<BR> Thread was being aborted.
UserNo :
UserName :shailendrasinh
User Division :
URL:http://localhost/BizNETCTM_Web/frmcrfprint_New.aspx?UserId=3368
Javascript: 3.0
VB Script: False
Cookies: True
Remote Address: ::1
=========================================================

Err.Date: 7/12/2016 3:28:35 PM
Thread was being aborted.<BR> ............BtnGeneratePdf_Click
UserNo :
UserName :shailendrasinh
User Division :
URL:http://localhost/BizNETCTM_Web/frmcrfprint_New.aspx?UserId=3368
Javascript: 3.0
VB Script: False
Cookies: True
Remote Address: ::1
=========================================================

Err.Date: 7/12/2016 3:28:35 PM
Error While btnGo_Click. <BR> Thread was being aborted.
UserNo :
UserName :shailendrasinh
User Division :
URL:http://localhost/BizNETCTM_Web/frmcrfprint_New.aspx?UserId=3368
Javascript: 3.0
VB Script: False
Cookies: True
Remote Address: ::1
=========================================================

Err.Date: 7/12/2016 3:36:27 PM
...........DownloadZip<BR> Thread was being aborted.
UserNo :
UserName :CPMAAdmin
User Division :
URL:http://localhost/BizNETCTM_Web/frmcrfprint_New.aspx?UserId=3
Javascript: 3.0
VB Script: False
Cookies: True
Remote Address: ::1
=========================================================

Err.Date: 7/12/2016 3:36:27 PM
Thread was being aborted.<BR> ............BtnGeneratePdf_Click
UserNo :
UserName :CPMAAdmin
User Division :
URL:http://localhost/BizNETCTM_Web/frmcrfprint_New.aspx?UserId=3
Javascript: 3.0
VB Script: False
Cookies: True
Remote Address: ::1
=========================================================

Err.Date: 7/12/2016 3:36:27 PM
Error While btnGo_Click. <BR> Thread was being aborted.
UserNo :
UserName :CPMAAdmin
User Division :
URL:http://localhost/BizNETCTM_Web/frmcrfprint_New.aspx?UserId=3
Javascript: 3.0
VB Script: False
Cookies: True
Remote Address: ::1
=========================================================

Err.Date: 7/12/2016 3:51:21 PM
...........DownloadZip<BR> Thread was being aborted.
UserNo :
UserName :CPMAAdmin
User Division :
URL:http://localhost/BizNETCTM_Web/frmcrfprint_New.aspx?UserId=3
Javascript: 3.0
VB Script: False
Cookies: True
Remote Address: ::1
=========================================================

Err.Date: 7/12/2016 3:51:21 PM
Thread was being aborted.<BR> ............BtnGeneratePdf_Click
UserNo :
UserName :CPMAAdmin
User Division :
URL:http://localhost/BizNETCTM_Web/frmcrfprint_New.aspx?UserId=3
Javascript: 3.0
VB Script: False
Cookies: True
Remote Address: ::1
=========================================================

Err.Date: 7/12/2016 3:51:21 PM
Error While btnGo_Click. <BR> Thread was being aborted.
UserNo :
UserName :CPMAAdmin
User Division :
URL:http://localhost/BizNETCTM_Web/frmcrfprint_New.aspx?UserId=3
Javascript: 3.0
VB Script: False
Cookies: True
Remote Address: ::1
=========================================================

Err.Date: 7/12/2016 7:00:32 PM
...........DownloadZip<BR> Thread was being aborted.
UserNo :
UserName :shailendrasinh
User Division :
URL:http://localhost/BizNETCTM_Web/frmcrfprint_New.aspx?UserId=3368
Javascript: 3.0
VB Script: False
Cookies: True
Remote Address: ::1
=========================================================

Err.Date: 7/12/2016 7:00:32 PM
Thread was being aborted.<BR> ............BtnGeneratePdf_Click
UserNo :
UserName :shailendrasinh
User Division :
URL:http://localhost/BizNETCTM_Web/frmcrfprint_New.aspx?UserId=3368
Javascript: 3.0
VB Script: False
Cookies: True
Remote Address: ::1
=========================================================

Err.Date: 7/12/2016 7:00:32 PM
Error While btnGo_Click. <BR> Thread was being aborted.
UserNo :
UserName :shailendrasinh
User Division :
URL:http://localhost/BizNETCTM_Web/frmcrfprint_New.aspx?UserId=3368
Javascript: 3.0
VB Script: False
Cookies: True
Remote Address: ::1
=========================================================

Err.Date: 7/12/2016 7:11:07 PM
...........DownloadZip<BR> Thread was being aborted.
UserNo :
UserName :CPMAAdmin
User Division :
URL:http://localhost/BizNETCTM_Web/frmcrfprint_New.aspx?UserId=3
Javascript: 3.0
VB Script: False
Cookies: True
Remote Address: ::1
=========================================================

Err.Date: 7/12/2016 7:11:07 PM
Thread was being aborted.<BR> ............BtnGeneratePdf_Click
UserNo :
UserName :CPMAAdmin
User Division :
URL:http://localhost/BizNETCTM_Web/frmcrfprint_New.aspx?UserId=3
Javascript: 3.0
VB Script: False
Cookies: True
Remote Address: ::1
=========================================================

Err.Date: 7/12/2016 7:11:07 PM
Error While btnGo_Click. <BR> Thread was being aborted.
UserNo :
UserName :CPMAAdmin
User Division :
URL:http://localhost/BizNETCTM_Web/frmcrfprint_New.aspx?UserId=3
Javascript: 3.0
VB Script: False
Cookies: True
Remote Address: ::1
=========================================================

Err.Date: 7/12/2016 7:26:05 PM
Column 'vSubjectIdForLab' does not belong to table VIEW_WORKSPACESUBJECTMST.<BR> ............BtnGeneratePdf_Click
UserNo :
UserName :CPMAAdmin
User Division :
URL:http://localhost/BizNETCTM_Web/frmcrfprint_New.aspx?UserId=3
Javascript: 3.0
VB Script: False
Cookies: True
Remote Address: ::1
=========================================================

Err.Date: 7/12/2016 7:30:01 PM
...........DownloadZip<BR> Thread was being aborted.
UserNo :
UserName :CPMAAdmin
User Division :
URL:http://localhost/BizNETCTM_Web/frmcrfprint_New.aspx?UserId=3
Javascript: 3.0
VB Script: False
Cookies: True
Remote Address: ::1
=========================================================

Err.Date: 7/12/2016 7:30:01 PM
Thread was being aborted.<BR> ............BtnGeneratePdf_Click
UserNo :
UserName :CPMAAdmin
User Division :
URL:http://localhost/BizNETCTM_Web/frmcrfprint_New.aspx?UserId=3
Javascript: 3.0
VB Script: False
Cookies: True
Remote Address: ::1
=========================================================

Err.Date: 7/12/2016 7:30:01 PM
Error While btnGo_Click. <BR> Thread was being aborted.
UserNo :
UserName :CPMAAdmin
User Division :
URL:http://localhost/BizNETCTM_Web/frmcrfprint_New.aspx?UserId=3
Javascript: 3.0
VB Script: False
Cookies: True
Remote Address: ::1
=========================================================

Err.Date: 7/12/2016 7:34:30 PM
...........DownloadZip<BR> Thread was being aborted.
UserNo :
UserName :shailendrasinh
User Division :
URL:http://localhost/BizNETCTM_Web/frmcrfprint_New.aspx?UserId=3368
Javascript: 3.0
VB Script: False
Cookies: True
Remote Address: ::1
=========================================================

Err.Date: 7/12/2016 7:34:30 PM
Thread was being aborted.<BR> ............BtnGeneratePdf_Click
UserNo :
UserName :shailendrasinh
User Division :
URL:http://localhost/BizNETCTM_Web/frmcrfprint_New.aspx?UserId=3368
Javascript: 3.0
VB Script: False
Cookies: True
Remote Address: ::1
=========================================================

Err.Date: 7/12/2016 7:34:30 PM
Error While btnGo_Click. <BR> Thread was being aborted.
UserNo :
UserName :shailendrasinh
User Division :
URL:http://localhost/BizNETCTM_Web/frmcrfprint_New.aspx?UserId=3368
Javascript: 3.0
VB Script: False
Cookies: True
Remote Address: ::1
=========================================================

