Err.Date: 12/10/2019 11:57:00 AM
Database Not Connected. <BR> 'table' argument cannot be null.
Parameter name: table
UserNo :
UserName :
User Division :
URL:http://localhost/BiznetDisoft_Web/default.aspx
Javascript: 3.0
VB Script: False
Cookies: True
Remote Address: ::1
=========================================================

Err.Date: 12/10/2019 3:59:34 PM
Database Not Connected. <BR> 'table' argument cannot be null.
Parameter name: table
UserNo :
UserName :
User Division :
URL:http://localhost/BiznetDisoft_Web/Default.aspx
Javascript: 3.0
VB Script: False
Cookies: True
Remote Address: ::1
=========================================================

