Err.Date: 2/14/2023 1:53:58 PM
Object reference not set to an instance of an object.<BR> .....FillVisiteviewStatusGrid
UserNo :
UserName :vishal
User Division :
URL:http://90.0.1.162/BiznetDISoft_WEB_2_0_0/frmMainPage.aspx?usertype=0127
Javascript: 3.0
VB Script: False
Cookies: True
Remote Address: 90.0.1.162
=========================================================

Err.Date: 2/14/2023 1:54:54 PM
Object reference not set to an instance of an object.<BR> ....GenCall_ShowUI
UserNo :
UserName :vishal
User Division :
URL:http://90.0.1.162/BiznetDISoft_WEB_2_0_0/frmCTMMedExInfoHdrDtl.aspx?WorkSpaceId=0000010112&ActivityId=3587&NodeId=13&PeriodId=1&SubjectId=AH22-00025&MySubjectNo=3&ScreenNo=OOOO1&mode=4&UserTypeCode=0120&UserId=7112
Javascript: 3.0
VB Script: False
Cookies: True
Remote Address: 90.0.1.162
=========================================================

Err.Date: 2/14/2023 1:55:05 PM
Object reference not set to an instance of an object.<BR> ....GenCall_ShowUI
UserNo :
UserName :vishal
User Division :
URL:http://90.0.1.162/BiznetDISoft_WEB_2_0_0/frmCTMMedExInfoHdrDtl.aspx?WorkSpaceId=0000010114&ActivityId=2481&NodeId=39&PeriodId=1&SubjectId=AA22-00030&MySubjectNo=4&ScreenNo=ABC123&mode=4&UserTypeCode=0120&UserId=7112
Javascript: 3.0
VB Script: False
Cookies: True
Remote Address: 90.0.1.162
=========================================================

Err.Date: 2/14/2023 1:55:13 PM
Object reference not set to an instance of an object.<BR> ....GenCall_ShowUI
UserNo :
UserName :vishal
User Division :
URL:http://90.0.1.162/BiznetDISoft_WEB_2_0_0/frmCTMMedExInfoHdrDtl.aspx?WorkSpaceId=0000010115&ActivityId=3587&NodeId=14&PeriodId=1&SubjectId=AA23-00003&MySubjectNo=8&ScreenNo=ACB12&mode=4&UserTypeCode=0120&UserId=7112
Javascript: 3.0
VB Script: False
Cookies: True
Remote Address: 90.0.1.162
=========================================================

Err.Date: 2/14/2023 1:58:52 PM
Object reference not set to an instance of an object.<BR> .....FillVisiteviewStatusGrid
UserNo :
UserName :Bhargav
User Division :
URL:https://localhost/BiznetDiSoft_Web_2_0_0/frmMainPage.aspx?usertype=0127
Javascript: 3.0
VB Script: False
Cookies: True
Remote Address: ::1
=========================================================

