Err.Date: 8/5/2016 10:57:21 AM
Error While Filling Reasons ,<BR> Incorrect syntax near ')'.
UserNo :
UserName :
User Division :
URL:http://localhost/BizNETCTM_WEB/frmSubjectSelectionForVisit.aspx
Javascript: 3.0
VB Script: False
Cookies: True
Remote Address: ::1
=========================================================

Err.Date: 8/5/2016 10:57:21 AM
Error While Filling Reasons<BR> ...GenCall_ShowUI
UserNo :
UserName :
User Division :
URL:http://localhost/BizNETCTM_WEB/frmSubjectSelectionForVisit.aspx
Javascript: 3.0
VB Script: False
Cookies: True
Remote Address: ::1
=========================================================

Err.Date: 8/5/2016 11:34:12 AM
Error While Filling Reasons ,<BR> Incorrect syntax near ')'.
UserNo :
UserName :
User Division :
URL:http://localhost/BizNETCTM_WEB/frmSubjectSelectionForVisit.aspx
Javascript: 3.0
VB Script: False
Cookies: True
Remote Address: ::1
=========================================================

Err.Date: 8/5/2016 11:34:12 AM
Error While Filling Reasons<BR> ...GenCall_ShowUI
UserNo :
UserName :
User Division :
URL:http://localhost/BizNETCTM_WEB/frmSubjectSelectionForVisit.aspx
Javascript: 3.0
VB Script: False
Cookies: True
Remote Address: ::1
=========================================================

