Err.Date: 8/16/2016 3:16:45 PM
...........DownloadZip<BR> Thread was being aborted.
UserNo :
UserName :rohitpatel
User Division :
URL:http://localhost/BizNETCTM_Web/frmcrfprint_New.aspx?UserId=4092
Javascript: 3.0
VB Script: False
Cookies: True
Remote Address: ::1
=========================================================

Err.Date: 8/16/2016 3:16:45 PM
Thread was being aborted.<BR> ............BtnGeneratePdf_Click
UserNo :
UserName :rohitpatel
User Division :
URL:http://localhost/BizNETCTM_Web/frmcrfprint_New.aspx?UserId=4092
Javascript: 3.0
VB Script: False
Cookies: True
Remote Address: ::1
=========================================================

Err.Date: 8/16/2016 3:16:45 PM
Error While btnGo_Click. <BR> Thread was being aborted.
UserNo :
UserName :rohitpatel
User Division :
URL:http://localhost/BizNETCTM_Web/frmcrfprint_New.aspx?UserId=4092
Javascript: 3.0
VB Script: False
Cookies: True
Remote Address: ::1
=========================================================

Err.Date: 8/16/2016 3:28:19 PM
...........DownloadZip<BR> Thread was being aborted.
UserNo :
UserName :rohitpatel
User Division :
URL:http://localhost/BizNETCTM_Web/frmcrfprint_New.aspx?UserId=4092
Javascript: 3.0
VB Script: False
Cookies: True
Remote Address: ::1
=========================================================

Err.Date: 8/16/2016 3:28:19 PM
Thread was being aborted.<BR> ............BtnGeneratePdf_Click
UserNo :
UserName :rohitpatel
User Division :
URL:http://localhost/BizNETCTM_Web/frmcrfprint_New.aspx?UserId=4092
Javascript: 3.0
VB Script: False
Cookies: True
Remote Address: ::1
=========================================================

Err.Date: 8/16/2016 3:28:19 PM
Error While btnGo_Click. <BR> Thread was being aborted.
UserNo :
UserName :rohitpatel
User Division :
URL:http://localhost/BizNETCTM_Web/frmcrfprint_New.aspx?UserId=4092
Javascript: 3.0
VB Script: False
Cookies: True
Remote Address: ::1
=========================================================

Err.Date: 8/16/2016 3:31:20 PM
...........DownloadZip<BR> Thread was being aborted.
UserNo :
UserName :rohitpatel
User Division :
URL:http://localhost/BizNETCTM_Web/frmcrfprint_New.aspx?UserId=4092
Javascript: 3.0
VB Script: False
Cookies: True
Remote Address: ::1
=========================================================

Err.Date: 8/16/2016 3:31:20 PM
Thread was being aborted.<BR> ............BtnGeneratePdf_Click
UserNo :
UserName :rohitpatel
User Division :
URL:http://localhost/BizNETCTM_Web/frmcrfprint_New.aspx?UserId=4092
Javascript: 3.0
VB Script: False
Cookies: True
Remote Address: ::1
=========================================================

Err.Date: 8/16/2016 3:31:20 PM
Error While btnGo_Click. <BR> Thread was being aborted.
UserNo :
UserName :rohitpatel
User Division :
URL:http://localhost/BizNETCTM_Web/frmcrfprint_New.aspx?UserId=4092
Javascript: 3.0
VB Script: False
Cookies: True
Remote Address: ::1
=========================================================

Err.Date: 8/16/2016 3:34:48 PM
...........DownloadZip<BR> Thread was being aborted.
UserNo :
UserName :rohitpatel
User Division :
URL:http://localhost/BizNETCTM_Web/frmcrfprint_New.aspx?UserId=4092
Javascript: 3.0
VB Script: False
Cookies: True
Remote Address: ::1
=========================================================

Err.Date: 8/16/2016 3:34:48 PM
Thread was being aborted.<BR> ............BtnGeneratePdf_Click
UserNo :
UserName :rohitpatel
User Division :
URL:http://localhost/BizNETCTM_Web/frmcrfprint_New.aspx?UserId=4092
Javascript: 3.0
VB Script: False
Cookies: True
Remote Address: ::1
=========================================================

Err.Date: 8/16/2016 3:34:48 PM
Error While btnGo_Click. <BR> Thread was being aborted.
UserNo :
UserName :rohitpatel
User Division :
URL:http://localhost/BizNETCTM_Web/frmcrfprint_New.aspx?UserId=4092
Javascript: 3.0
VB Script: False
Cookies: True
Remote Address: ::1
=========================================================

Err.Date: 8/16/2016 3:36:01 PM
...........DownloadZip<BR> Thread was being aborted.
UserNo :
UserName :rohitpatel
User Division :
URL:http://localhost/BizNETCTM_Web/frmcrfprint_New.aspx?UserId=4092
Javascript: 3.0
VB Script: False
Cookies: True
Remote Address: ::1
=========================================================

Err.Date: 8/16/2016 3:36:01 PM
Thread was being aborted.<BR> ............BtnGeneratePdf_Click
UserNo :
UserName :rohitpatel
User Division :
URL:http://localhost/BizNETCTM_Web/frmcrfprint_New.aspx?UserId=4092
Javascript: 3.0
VB Script: False
Cookies: True
Remote Address: ::1
=========================================================

Err.Date: 8/16/2016 3:36:01 PM
Error While btnGo_Click. <BR> Thread was being aborted.
UserNo :
UserName :rohitpatel
User Division :
URL:http://localhost/BizNETCTM_Web/frmcrfprint_New.aspx?UserId=4092
Javascript: 3.0
VB Script: False
Cookies: True
Remote Address: ::1
=========================================================

