Err.Date: 2/21/2018 12:10:47 PM
Thread was being aborted.<BR> ............BtnGeneratePdf_Click
UserNo :
UserName :shailendrasinhc
User Division :
Error Originated From:  AbortInternal
   at System.Threading.Thread.AbortInternal()
   at System.Threading.Thread.Abort(Object stateInfo)
   at System.Web.HttpResponse.AbortCurrentThread()
   at System.Web.HttpResponse.End()
   at frmCRFPrint_New.BtnGeneratePdf_Click(Object sender, EventArgs e) in D:\BizNET\BizNETCTM\BizNETCTM_WEB\frmCRFPrint_New.aspx.vb:line 2132
Line Number:  line 2132
MemberType:  Method
Error Page:  \BizNET\BizNETCTM\BizNETCTM_WEB\frmCRFPrint_New.aspx.vb
Exception Type:  ThreadAbortException
URL:http://localhost/BizNETCTM_Web/frmcrfprint_New.aspx?UserId=3366
Javascript: 3.0
VB Script: False
Cookies: True
Remote Address: ::1
=========================================================

Err.Date: 2/21/2018 12:10:48 PM
Thread was being aborted.<BR> Error While btnGo_Click. 
UserNo :
UserName :shailendrasinhc
User Division :
Error Originated From:  BtnGeneratePdf_Click
   at frmCRFPrint_New.BtnGeneratePdf_Click(Object sender, EventArgs e) in D:\BizNET\BizNETCTM\BizNETCTM_WEB\frmCRFPrint_New.aspx.vb:line 2137
   at frmCRFPrint_New.btnGo_Click(Object sender, EventArgs e) in D:\BizNET\BizNETCTM\BizNETCTM_WEB\frmCRFPrint_New.aspx.vb:line 2260
Line Number:  line 2137
   at frmCRFPrint_New.btnGo_Click(Object sender, EventArgs e) in D
MemberType:  Method
Error Page:  \BizNET\BizNETCTM\BizNETCTM_WEB\frmCRFPrint_New.aspx.vb
Exception Type:  ThreadAbortException
URL:http://localhost/BizNETCTM_Web/frmcrfprint_New.aspx?UserId=3366
Javascript: 3.0
VB Script: False
Cookies: True
Remote Address: ::1
=========================================================

Err.Date: 2/21/2018 12:27:58 PM
Thread was being aborted.<BR> ...........DownloadZip
UserNo :
UserName :shailendrasinhc
User Division :
Error Originated From:  AbortInternal
   at System.Threading.Thread.AbortInternal()
   at System.Threading.Thread.Abort(Object stateInfo)
   at System.Web.HttpResponse.AbortCurrentThread()
   at System.Web.HttpResponse.End()
   at frmCRFPrint_New.DownloadZip(String strFolderpath) in D:\BizNET\BizNETCTM\BizNETCTM_WEB\frmCRFPrint_New.aspx.vb:line 4146
Line Number:  line 4146
MemberType:  Method
Error Page:  \BizNET\BizNETCTM\BizNETCTM_WEB\frmCRFPrint_New.aspx.vb
Exception Type:  ThreadAbortException
URL:http://localhost/BizNETCTM_Web/frmcrfprint_New.aspx?UserId=3366
Javascript: 3.0
VB Script: False
Cookies: True
Remote Address: ::1
=========================================================

Err.Date: 2/21/2018 12:27:58 PM
Thread was being aborted.<BR> ............BtnGeneratePdf_Click
UserNo :
UserName :shailendrasinhc
User Division :
Error Originated From:  DownloadZip
   at frmCRFPrint_New.DownloadZip(String strFolderpath) in D:\BizNET\BizNETCTM\BizNETCTM_WEB\frmCRFPrint_New.aspx.vb:line 4150
   at frmCRFPrint_New.BtnGeneratePdf_Click(Object sender, EventArgs e) in D:\BizNET\BizNETCTM\BizNETCTM_WEB\frmCRFPrint_New.aspx.vb:line 1929
Line Number:  line 4150
   at frmCRFPrint_New.BtnGeneratePdf_Click(Object sender, EventArgs e) in D
MemberType:  Method
Error Page:  \BizNET\BizNETCTM\BizNETCTM_WEB\frmCRFPrint_New.aspx.vb
Exception Type:  ThreadAbortException
URL:http://localhost/BizNETCTM_Web/frmcrfprint_New.aspx?UserId=3366
Javascript: 3.0
VB Script: False
Cookies: True
Remote Address: ::1
=========================================================

Err.Date: 2/21/2018 12:27:58 PM
Thread was being aborted.<BR> Error While btnGo_Click. 
UserNo :
UserName :shailendrasinhc
User Division :
Error Originated From:  BtnGeneratePdf_Click
   at frmCRFPrint_New.BtnGeneratePdf_Click(Object sender, EventArgs e) in D:\BizNET\BizNETCTM\BizNETCTM_WEB\frmCRFPrint_New.aspx.vb:line 2137
   at frmCRFPrint_New.btnGo_Click(Object sender, EventArgs e) in D:\BizNET\BizNETCTM\BizNETCTM_WEB\frmCRFPrint_New.aspx.vb:line 2260
Line Number:  line 2137
   at frmCRFPrint_New.btnGo_Click(Object sender, EventArgs e) in D
MemberType:  Method
Error Page:  \BizNET\BizNETCTM\BizNETCTM_WEB\frmCRFPrint_New.aspx.vb
Exception Type:  ThreadAbortException
URL:http://localhost/BizNETCTM_Web/frmcrfprint_New.aspx?UserId=3366
Javascript: 3.0
VB Script: False
Cookies: True
Remote Address: ::1
=========================================================

Err.Date: 2/21/2018 5:01:16 PM
Thread was being aborted.<BR> ............BtnGeneratePdf_Click
UserNo :
UserName :shailendrasinhc
User Division :
Error Originated From:  AbortInternal
   at System.Threading.Thread.AbortInternal()
   at System.Threading.Thread.Abort(Object stateInfo)
   at System.Web.HttpResponse.AbortCurrentThread()
   at System.Web.HttpResponse.End()
   at frmCRFPrint_New.BtnGeneratePdf_Click(Object sender, EventArgs e) in D:\BizNET\BizNETCTM\BizNETCTM_WEB\frmCRFPrint_New.aspx.vb:line 2132
Line Number:  line 2132
MemberType:  Method
Error Page:  \BizNET\BizNETCTM\BizNETCTM_WEB\frmCRFPrint_New.aspx.vb
Exception Type:  ThreadAbortException
URL:http://localhost/BizNETCTM_Web/frmcrfprint_New.aspx?UserId=3366
Javascript: 3.0
VB Script: False
Cookies: True
Remote Address: ::1
=========================================================

Err.Date: 2/21/2018 5:01:16 PM
Thread was being aborted.<BR> Error While btnGo_Click. 
UserNo :
UserName :shailendrasinhc
User Division :
Error Originated From:  BtnGeneratePdf_Click
   at frmCRFPrint_New.BtnGeneratePdf_Click(Object sender, EventArgs e) in D:\BizNET\BizNETCTM\BizNETCTM_WEB\frmCRFPrint_New.aspx.vb:line 2137
   at frmCRFPrint_New.btnGo_Click(Object sender, EventArgs e) in D:\BizNET\BizNETCTM\BizNETCTM_WEB\frmCRFPrint_New.aspx.vb:line 2260
Line Number:  line 2137
   at frmCRFPrint_New.btnGo_Click(Object sender, EventArgs e) in D
MemberType:  Method
Error Page:  \BizNET\BizNETCTM\BizNETCTM_WEB\frmCRFPrint_New.aspx.vb
Exception Type:  ThreadAbortException
URL:http://localhost/BizNETCTM_Web/frmcrfprint_New.aspx?UserId=3366
Javascript: 3.0
VB Script: False
Cookies: True
Remote Address: ::1
=========================================================

